{"/Users/paullakandri/Desktop/Projects/beautysalonbookingsystem/radiance-salon-manager/backend/src/config/database.js": {"path":"/Users/paullakandri/Desktop/Projects/beautysalonbookingsystem/radiance-salon-manager/backend/src/config/database.js","statementMap":{"0":{"start":{"line":1,"column":16},"end":{"line":1,"column":44}},"1":{"start":{"line":2,"column":13},"end":{"line":2,"column":28}},"2":{"start":{"line":4,"column":16},"end":{"line":4,"column":101}},"3":{"start":{"line":8,"column":4},"end":{"line":8,"column":19}},"4":{"start":{"line":12,"column":4},"end":{"line":23,"column":7}},"5":{"start":{"line":13,"column":6},"end":{"line":22,"column":9}},"6":{"start":{"line":14,"column":8},"end":{"line":21,"column":9}},"7":{"start":{"line":15,"column":10},"end":{"line":15,"column":67}},"8":{"start":{"line":16,"column":10},"end":{"line":16,"column":22}},"9":{"start":{"line":18,"column":10},"end":{"line":18,"column":67}},"10":{"start":{"line":19,"column":10},"end":{"line":19,"column":50}},"11":{"start":{"line":20,"column":10},"end":{"line":20,"column":20}},"12":{"start":{"line":27,"column":4},"end":{"line":35,"column":7}},"13":{"start":{"line":28,"column":6},"end":{"line":34,"column":9}},"14":{"start":{"line":29,"column":8},"end":{"line":33,"column":9}},"15":{"start":{"line":30,"column":10},"end":{"line":30,"column":22}},"16":{"start":{"line":32,"column":10},"end":{"line":32,"column":62}},"17":{"start":{"line":39,"column":4},"end":{"line":47,"column":7}},"18":{"start":{"line":40,"column":6},"end":{"line":46,"column":9}},"19":{"start":{"line":41,"column":8},"end":{"line":45,"column":9}},"20":{"start":{"line":42,"column":10},"end":{"line":42,"column":22}},"21":{"start":{"line":44,"column":10},"end":{"line":44,"column":23}},"22":{"start":{"line":51,"column":4},"end":{"line":59,"column":7}},"23":{"start":{"line":52,"column":6},"end":{"line":58,"column":9}},"24":{"start":{"line":53,"column":8},"end":{"line":57,"column":9}},"25":{"start":{"line":54,"column":10},"end":{"line":54,"column":22}},"26":{"start":{"line":56,"column":10},"end":{"line":56,"column":24}},"27":{"start":{"line":63,"column":4},"end":{"line":71,"column":7}},"28":{"start":{"line":64,"column":6},"end":{"line":70,"column":9}},"29":{"start":{"line":65,"column":8},"end":{"line":69,"column":9}},"30":{"start":{"line":66,"column":10},"end":{"line":66,"column":22}},"31":{"start":{"line":68,"column":10},"end":{"line":68,"column":20}},"32":{"start":{"line":75,"column":0},"end":{"line":75,"column":32}}},"fnMap":{"0":{"name":"(anonymous_0)","decl":{"start":{"line":7,"column":2},"end":{"line":7,"column":3}},"loc":{"start":{"line":7,"column":16},"end":{"line":9,"column":3}},"line":7},"1":{"name":"(anonymous_1)","decl":{"start":{"line":11,"column":2},"end":{"line":11,"column":3}},"loc":{"start":{"line":11,"column":12},"end":{"line":24,"column":3}},"line":11},"2":{"name":"(anonymous_2)","decl":{"start":{"line":12,"column":23},"end":{"line":12,"column":24}},"loc":{"start":{"line":12,"column":44},"end":{"line":23,"column":5}},"line":12},"3":{"name":"(anonymous_3)","decl":{"start":{"line":13,"column":46},"end":{"line":13,"column":47}},"loc":{"start":{"line":13,"column":55},"end":{"line":22,"column":7}},"line":13},"4":{"name":"(anonymous_4)","decl":{"start":{"line":26,"column":2},"end":{"line":26,"column":3}},"loc":{"start":{"line":26,"column":24},"end":{"line":36,"column":3}},"line":26},"5":{"name":"(anonymous_5)","decl":{"start":{"line":27,"column":23},"end":{"line":27,"column":24}},"loc":{"start":{"line":27,"column":44},"end":{"line":35,"column":5}},"line":27},"6":{"name":"(anonymous_6)","decl":{"start":{"line":28,"column":31},"end":{"line":28,"column":32}},"loc":{"start":{"line":28,"column":45},"end":{"line":34,"column":7}},"line":28},"7":{"name":"(anonymous_7)","decl":{"start":{"line":38,"column":2},"end":{"line":38,"column":3}},"loc":{"start":{"line":38,"column":24},"end":{"line":48,"column":3}},"line":38},"8":{"name":"(anonymous_8)","decl":{"start":{"line":39,"column":23},"end":{"line":39,"column":24}},"loc":{"start":{"line":39,"column":44},"end":{"line":47,"column":5}},"line":39},"9":{"name":"(anonymous_9)","decl":{"start":{"line":40,"column":31},"end":{"line":40,"column":32}},"loc":{"start":{"line":40,"column":45},"end":{"line":46,"column":7}},"line":40},"10":{"name":"(anonymous_10)","decl":{"start":{"line":50,"column":2},"end":{"line":50,"column":3}},"loc":{"start":{"line":50,"column":24},"end":{"line":60,"column":3}},"line":50},"11":{"name":"(anonymous_11)","decl":{"start":{"line":51,"column":23},"end":{"line":51,"column":24}},"loc":{"start":{"line":51,"column":44},"end":{"line":59,"column":5}},"line":51},"12":{"name":"(anonymous_12)","decl":{"start":{"line":52,"column":31},"end":{"line":52,"column":32}},"loc":{"start":{"line":52,"column":46},"end":{"line":58,"column":7}},"line":52},"13":{"name":"(anonymous_13)","decl":{"start":{"line":62,"column":2},"end":{"line":62,"column":3}},"loc":{"start":{"line":62,"column":10},"end":{"line":72,"column":3}},"line":62},"14":{"name":"(anonymous_14)","decl":{"start":{"line":63,"column":23},"end":{"line":63,"column":24}},"loc":{"start":{"line":63,"column":44},"end":{"line":71,"column":5}},"line":63},"15":{"name":"(anonymous_15)","decl":{"start":{"line":64,"column":20},"end":{"line":64,"column":21}},"loc":{"start":{"line":64,"column":29},"end":{"line":70,"column":7}},"line":64}},"branchMap":{"0":{"loc":{"start":{"line":4,"column":16},"end":{"line":4,"column":101}},"type":"binary-expr","locations":[{"start":{"line":4,"column":16},"end":{"line":4,"column":41}},{"start":{"line":4,"column":45},"end":{"line":4,"column":101}}],"line":4},"1":{"loc":{"start":{"line":14,"column":8},"end":{"line":21,"column":9}},"type":"if","locations":[{"start":{"line":14,"column":8},"end":{"line":21,"column":9}},{"start":{"line":17,"column":15},"end":{"line":21,"column":9}}],"line":14},"2":{"loc":{"start":{"line":26,"column":11},"end":{"line":26,"column":22}},"type":"default-arg","locations":[{"start":{"line":26,"column":20},"end":{"line":26,"column":22}}],"line":26},"3":{"loc":{"start":{"line":29,"column":8},"end":{"line":33,"column":9}},"type":"if","locations":[{"start":{"line":29,"column":8},"end":{"line":33,"column":9}},{"start":{"line":31,"column":15},"end":{"line":33,"column":9}}],"line":29},"4":{"loc":{"start":{"line":38,"column":11},"end":{"line":38,"column":22}},"type":"default-arg","locations":[{"start":{"line":38,"column":20},"end":{"line":38,"column":22}}],"line":38},"5":{"loc":{"start":{"line":41,"column":8},"end":{"line":45,"column":9}},"type":"if","locations":[{"start":{"line":41,"column":8},"end":{"line":45,"column":9}},{"start":{"line":43,"column":15},"end":{"line":45,"column":9}}],"line":41},"6":{"loc":{"start":{"line":50,"column":11},"end":{"line":50,"column":22}},"type":"default-arg","locations":[{"start":{"line":50,"column":20},"end":{"line":50,"column":22}}],"line":50},"7":{"loc":{"start":{"line":53,"column":8},"end":{"line":57,"column":9}},"type":"if","locations":[{"start":{"line":53,"column":8},"end":{"line":57,"column":9}},{"start":{"line":55,"column":15},"end":{"line":57,"column":9}}],"line":53},"8":{"loc":{"start":{"line":65,"column":8},"end":{"line":69,"column":9}},"type":"if","locations":[{"start":{"line":65,"column":8},"end":{"line":69,"column":9}},{"start":{"line":67,"column":15},"end":{"line":69,"column":9}}],"line":65}},"s":{"0":2,"1":2,"2":2,"3":2,"4":4,"5":4,"6":4,"7":0,"8":0,"9":4,"10":4,"11":4,"12":4,"13":4,"14":4,"15":0,"16":4,"17":9,"18":9,"19":9,"20":0,"21":9,"22":2,"23":2,"24":2,"25":0,"26":2,"27":2,"28":2,"29":2,"30":0,"31":2,"32":2},"f":{"0":2,"1":4,"2":4,"3":4,"4":4,"5":4,"6":4,"7":9,"8":9,"9":9,"10":2,"11":2,"12":2,"13":2,"14":2,"15":2},"b":{"0":[2,0],"1":[0,4],"2":[0],"3":[0,4],"4":[0],"5":[0,9],"6":[2],"7":[0,2],"8":[0,2]},"_coverageSchema":"1a1c01bbd47fc00a2c39e90264f33305004495a9","hash":"ff3d9315204c674696bf2544cf40ce024012e099"}
,"/Users/paullakandri/Desktop/Projects/beautysalonbookingsystem/radiance-salon-manager/backend/src/controllers/appointmentController.js": {"path":"/Users/paullakandri/Desktop/Projects/beautysalonbookingsystem/radiance-salon-manager/backend/src/controllers/appointmentController.js","statementMap":{"0":{"start":{"line":1,"column":20},"end":{"line":1,"column":52}},"1":{"start":{"line":2,"column":16},"end":{"line":2,"column":44}},"2":{"start":{"line":3,"column":17},"end":{"line":3,"column":46}},"3":{"start":{"line":4,"column":14},"end":{"line":4,"column":40}},"4":{"start":{"line":6,"column":0},"end":{"line":45,"column":2}},"5":{"start":{"line":7,"column":2},"end":{"line":44,"column":3}},"6":{"start":{"line":8,"column":72},"end":{"line":8,"column":81}},"7":{"start":{"line":10,"column":20},"end":{"line":10,"column":22}},"8":{"start":{"line":13,"column":4},"end":{"line":23,"column":5}},"9":{"start":{"line":14,"column":23},"end":{"line":14,"column":63}},"10":{"start":{"line":15,"column":6},"end":{"line":15,"column":40}},"11":{"start":{"line":16,"column":11},"end":{"line":23,"column":5}},"12":{"start":{"line":17,"column":20},"end":{"line":17,"column":57}},"13":{"start":{"line":18,"column":6},"end":{"line":18,"column":34}},"14":{"start":{"line":21,"column":6},"end":{"line":21,"column":57}},"15":{"start":{"line":21,"column":23},"end":{"line":21,"column":57}},"16":{"start":{"line":22,"column":6},"end":{"line":22,"column":48}},"17":{"start":{"line":22,"column":20},"end":{"line":22,"column":48}},"18":{"start":{"line":25,"column":4},"end":{"line":25,"column":40}},"19":{"start":{"line":25,"column":16},"end":{"line":25,"column":40}},"20":{"start":{"line":26,"column":4},"end":{"line":26,"column":34}},"21":{"start":{"line":26,"column":14},"end":{"line":26,"column":34}},"22":{"start":{"line":27,"column":4},"end":{"line":27,"column":49}},"23":{"start":{"line":27,"column":19},"end":{"line":27,"column":49}},"24":{"start":{"line":28,"column":4},"end":{"line":28,"column":43}},"25":{"start":{"line":28,"column":17},"end":{"line":28,"column":43}},"26":{"start":{"line":30,"column":25},"end":{"line":30,"column":59}},"27":{"start":{"line":32,"column":4},"end":{"line":36,"column":7}},"28":{"start":{"line":38,"column":4},"end":{"line":38,"column":52}},"29":{"start":{"line":39,"column":4},"end":{"line":43,"column":7}},"30":{"start":{"line":47,"column":0},"end":{"line":89,"column":2}},"31":{"start":{"line":48,"column":2},"end":{"line":88,"column":3}},"32":{"start":{"line":49,"column":24},"end":{"line":49,"column":65}},"33":{"start":{"line":51,"column":4},"end":{"line":56,"column":5}},"34":{"start":{"line":52,"column":6},"end":{"line":55,"column":9}},"35":{"start":{"line":59,"column":4},"end":{"line":75,"column":5}},"36":{"start":{"line":60,"column":23},"end":{"line":60,"column":63}},"37":{"start":{"line":61,"column":6},"end":{"line":66,"column":7}},"38":{"start":{"line":62,"column":8},"end":{"line":65,"column":11}},"39":{"start":{"line":67,"column":11},"end":{"line":75,"column":5}},"40":{"start":{"line":68,"column":20},"end":{"line":68,"column":57}},"41":{"start":{"line":69,"column":6},"end":{"line":74,"column":7}},"42":{"start":{"line":70,"column":8},"end":{"line":73,"column":11}},"43":{"start":{"line":77,"column":4},"end":{"line":80,"column":7}},"44":{"start":{"line":82,"column":4},"end":{"line":82,"column":51}},"45":{"start":{"line":83,"column":4},"end":{"line":87,"column":7}},"46":{"start":{"line":91,"column":0},"end":{"line":165,"column":2}},"47":{"start":{"line":92,"column":2},"end":{"line":164,"column":3}},"48":{"start":{"line":93,"column":80},"end":{"line":93,"column":88}},"49":{"start":{"line":97,"column":4},"end":{"line":109,"column":5}},"50":{"start":{"line":98,"column":23},"end":{"line":98,"column":63}},"51":{"start":{"line":99,"column":6},"end":{"line":99,"column":32}},"52":{"start":{"line":102,"column":6},"end":{"line":102,"column":41}},"53":{"start":{"line":103,"column":6},"end":{"line":108,"column":7}},"54":{"start":{"line":104,"column":8},"end":{"line":107,"column":11}},"55":{"start":{"line":112,"column":20},"end":{"line":112,"column":54}},"56":{"start":{"line":113,"column":4},"end":{"line":118,"column":5}},"57":{"start":{"line":114,"column":6},"end":{"line":117,"column":9}},"58":{"start":{"line":121,"column":22},"end":{"line":121,"column":64}},"59":{"start":{"line":122,"column":20},"end":{"line":122,"column":84}},"60":{"start":{"line":123,"column":21},"end":{"line":123,"column":55}},"61":{"start":{"line":126,"column":24},"end":{"line":131,"column":5}},"62":{"start":{"line":133,"column":4},"end":{"line":138,"column":5}},"63":{"start":{"line":134,"column":6},"end":{"line":137,"column":9}},"64":{"start":{"line":140,"column":26},"end":{"line":148,"column":6}},"65":{"start":{"line":150,"column":24},"end":{"line":150,"column":65}},"66":{"start":{"line":152,"column":4},"end":{"line":156,"column":7}},"67":{"start":{"line":158,"column":4},"end":{"line":158,"column":54}},"68":{"start":{"line":159,"column":4},"end":{"line":163,"column":7}},"69":{"start":{"line":167,"column":0},"end":{"line":245,"column":2}},"70":{"start":{"line":168,"column":2},"end":{"line":244,"column":3}},"71":{"start":{"line":169,"column":66},"end":{"line":169,"column":74}},"72":{"start":{"line":171,"column":24},"end":{"line":171,"column":65}},"73":{"start":{"line":172,"column":4},"end":{"line":177,"column":5}},"74":{"start":{"line":173,"column":6},"end":{"line":176,"column":9}},"75":{"start":{"line":180,"column":4},"end":{"line":195,"column":5}},"76":{"start":{"line":181,"column":23},"end":{"line":181,"column":63}},"77":{"start":{"line":182,"column":6},"end":{"line":187,"column":7}},"78":{"start":{"line":183,"column":8},"end":{"line":186,"column":11}},"79":{"start":{"line":189,"column":6},"end":{"line":194,"column":7}},"80":{"start":{"line":190,"column":8},"end":{"line":193,"column":11}},"81":{"start":{"line":198,"column":4},"end":{"line":228,"column":5}},"82":{"start":{"line":199,"column":22},"end":{"line":199,"column":68}},"83":{"start":{"line":200,"column":24},"end":{"line":200,"column":98}},"84":{"start":{"line":201,"column":22},"end":{"line":201,"column":86}},"85":{"start":{"line":202,"column":23},"end":{"line":202,"column":57}},"86":{"start":{"line":204,"column":26},"end":{"line":210,"column":7}},"87":{"start":{"line":212,"column":6},"end":{"line":217,"column":7}},"88":{"start":{"line":213,"column":8},"end":{"line":216,"column":11}},"89":{"start":{"line":219,"column":6},"end":{"line":225,"column":9}},"90":{"start":{"line":227,"column":6},"end":{"line":227,"column":65}},"91":{"start":{"line":230,"column":31},"end":{"line":230,"column":72}},"92":{"start":{"line":232,"column":4},"end":{"line":236,"column":7}},"93":{"start":{"line":238,"column":4},"end":{"line":238,"column":54}},"94":{"start":{"line":239,"column":4},"end":{"line":243,"column":7}},"95":{"start":{"line":247,"column":0},"end":{"line":271,"column":2}},"96":{"start":{"line":248,"column":2},"end":{"line":270,"column":3}},"97":{"start":{"line":249,"column":24},"end":{"line":249,"column":65}},"98":{"start":{"line":250,"column":4},"end":{"line":255,"column":5}},"99":{"start":{"line":251,"column":6},"end":{"line":254,"column":9}},"100":{"start":{"line":257,"column":4},"end":{"line":257,"column":44}},"101":{"start":{"line":259,"column":4},"end":{"line":262,"column":7}},"102":{"start":{"line":264,"column":4},"end":{"line":264,"column":54}},"103":{"start":{"line":265,"column":4},"end":{"line":269,"column":7}},"104":{"start":{"line":273,"column":0},"end":{"line":291,"column":2}},"105":{"start":{"line":274,"column":2},"end":{"line":290,"column":3}},"106":{"start":{"line":275,"column":21},"end":{"line":275,"column":61}},"107":{"start":{"line":276,"column":25},"end":{"line":276,"column":67}},"108":{"start":{"line":278,"column":4},"end":{"line":282,"column":7}},"109":{"start":{"line":284,"column":4},"end":{"line":284,"column":61}},"110":{"start":{"line":285,"column":4},"end":{"line":289,"column":7}}},"fnMap":{"0":{"name":"(anonymous_0)","decl":{"start":{"line":6,"column":29},"end":{"line":6,"column":30}},"loc":{"start":{"line":6,"column":49},"end":{"line":45,"column":1}},"line":6},"1":{"name":"(anonymous_1)","decl":{"start":{"line":47,"column":25},"end":{"line":47,"column":26}},"loc":{"start":{"line":47,"column":45},"end":{"line":89,"column":1}},"line":47},"2":{"name":"(anonymous_2)","decl":{"start":{"line":91,"column":28},"end":{"line":91,"column":29}},"loc":{"start":{"line":91,"column":48},"end":{"line":165,"column":1}},"line":91},"3":{"name":"(anonymous_3)","decl":{"start":{"line":167,"column":28},"end":{"line":167,"column":29}},"loc":{"start":{"line":167,"column":48},"end":{"line":245,"column":1}},"line":167},"4":{"name":"(anonymous_4)","decl":{"start":{"line":247,"column":28},"end":{"line":247,"column":29}},"loc":{"start":{"line":247,"column":48},"end":{"line":271,"column":1}},"line":247},"5":{"name":"(anonymous_5)","decl":{"start":{"line":273,"column":34},"end":{"line":273,"column":35}},"loc":{"start":{"line":273,"column":54},"end":{"line":291,"column":1}},"line":273}},"branchMap":{"0":{"loc":{"start":{"line":13,"column":4},"end":{"line":23,"column":5}},"type":"if","locations":[{"start":{"line":13,"column":4},"end":{"line":23,"column":5}},{"start":{"line":16,"column":11},"end":{"line":23,"column":5}}],"line":13},"1":{"loc":{"start":{"line":16,"column":11},"end":{"line":23,"column":5}},"type":"if","locations":[{"start":{"line":16,"column":11},"end":{"line":23,"column":5}},{"start":{"line":19,"column":11},"end":{"line":23,"column":5}}],"line":16},"2":{"loc":{"start":{"line":21,"column":6},"end":{"line":21,"column":57}},"type":"if","locations":[{"start":{"line":21,"column":6},"end":{"line":21,"column":57}},{"start":{},"end":{}}],"line":21},"3":{"loc":{"start":{"line":22,"column":6},"end":{"line":22,"column":48}},"type":"if","locations":[{"start":{"line":22,"column":6},"end":{"line":22,"column":48}},{"start":{},"end":{}}],"line":22},"4":{"loc":{"start":{"line":25,"column":4},"end":{"line":25,"column":40}},"type":"if","locations":[{"start":{"line":25,"column":4},"end":{"line":25,"column":40}},{"start":{},"end":{}}],"line":25},"5":{"loc":{"start":{"line":26,"column":4},"end":{"line":26,"column":34}},"type":"if","locations":[{"start":{"line":26,"column":4},"end":{"line":26,"column":34}},{"start":{},"end":{}}],"line":26},"6":{"loc":{"start":{"line":27,"column":4},"end":{"line":27,"column":49}},"type":"if","locations":[{"start":{"line":27,"column":4},"end":{"line":27,"column":49}},{"start":{},"end":{}}],"line":27},"7":{"loc":{"start":{"line":28,"column":4},"end":{"line":28,"column":43}},"type":"if","locations":[{"start":{"line":28,"column":4},"end":{"line":28,"column":43}},{"start":{},"end":{}}],"line":28},"8":{"loc":{"start":{"line":51,"column":4},"end":{"line":56,"column":5}},"type":"if","locations":[{"start":{"line":51,"column":4},"end":{"line":56,"column":5}},{"start":{},"end":{}}],"line":51},"9":{"loc":{"start":{"line":59,"column":4},"end":{"line":75,"column":5}},"type":"if","locations":[{"start":{"line":59,"column":4},"end":{"line":75,"column":5}},{"start":{"line":67,"column":11},"end":{"line":75,"column":5}}],"line":59},"10":{"loc":{"start":{"line":61,"column":6},"end":{"line":66,"column":7}},"type":"if","locations":[{"start":{"line":61,"column":6},"end":{"line":66,"column":7}},{"start":{},"end":{}}],"line":61},"11":{"loc":{"start":{"line":67,"column":11},"end":{"line":75,"column":5}},"type":"if","locations":[{"start":{"line":67,"column":11},"end":{"line":75,"column":5}},{"start":{},"end":{}}],"line":67},"12":{"loc":{"start":{"line":69,"column":6},"end":{"line":74,"column":7}},"type":"if","locations":[{"start":{"line":69,"column":6},"end":{"line":74,"column":7}},{"start":{},"end":{}}],"line":69},"13":{"loc":{"start":{"line":97,"column":4},"end":{"line":109,"column":5}},"type":"if","locations":[{"start":{"line":97,"column":4},"end":{"line":109,"column":5}},{"start":{"line":100,"column":11},"end":{"line":109,"column":5}}],"line":97},"14":{"loc":{"start":{"line":103,"column":6},"end":{"line":108,"column":7}},"type":"if","locations":[{"start":{"line":103,"column":6},"end":{"line":108,"column":7}},{"start":{},"end":{}}],"line":103},"15":{"loc":{"start":{"line":113,"column":4},"end":{"line":118,"column":5}},"type":"if","locations":[{"start":{"line":113,"column":4},"end":{"line":118,"column":5}},{"start":{},"end":{}}],"line":113},"16":{"loc":{"start":{"line":133,"column":4},"end":{"line":138,"column":5}},"type":"if","locations":[{"start":{"line":133,"column":4},"end":{"line":138,"column":5}},{"start":{},"end":{}}],"line":133},"17":{"loc":{"start":{"line":172,"column":4},"end":{"line":177,"column":5}},"type":"if","locations":[{"start":{"line":172,"column":4},"end":{"line":177,"column":5}},{"start":{},"end":{}}],"line":172},"18":{"loc":{"start":{"line":180,"column":4},"end":{"line":195,"column":5}},"type":"if","locations":[{"start":{"line":180,"column":4},"end":{"line":195,"column":5}},{"start":{},"end":{}}],"line":180},"19":{"loc":{"start":{"line":182,"column":6},"end":{"line":187,"column":7}},"type":"if","locations":[{"start":{"line":182,"column":6},"end":{"line":187,"column":7}},{"start":{},"end":{}}],"line":182},"20":{"loc":{"start":{"line":189,"column":6},"end":{"line":194,"column":7}},"type":"if","locations":[{"start":{"line":189,"column":6},"end":{"line":194,"column":7}},{"start":{},"end":{}}],"line":189},"21":{"loc":{"start":{"line":189,"column":10},"end":{"line":189,"column":42}},"type":"binary-expr","locations":[{"start":{"line":189,"column":10},"end":{"line":189,"column":16}},{"start":{"line":189,"column":20},"end":{"line":189,"column":42}}],"line":189},"22":{"loc":{"start":{"line":198,"column":4},"end":{"line":228,"column":5}},"type":"if","locations":[{"start":{"line":198,"column":4},"end":{"line":228,"column":5}},{"start":{"line":226,"column":11},"end":{"line":228,"column":5}}],"line":198},"23":{"loc":{"start":{"line":198,"column":8},"end":{"line":198,"column":44}},"type":"binary-expr","locations":[{"start":{"line":198,"column":8},"end":{"line":198,"column":24}},{"start":{"line":198,"column":28},"end":{"line":198,"column":44}}],"line":198},"24":{"loc":{"start":{"line":200,"column":47},"end":{"line":200,"column":95}},"type":"binary-expr","locations":[{"start":{"line":200,"column":47},"end":{"line":200,"column":63}},{"start":{"line":200,"column":67},"end":{"line":200,"column":95}}],"line":200},"25":{"loc":{"start":{"line":206,"column":8},"end":{"line":206,"column":56}},"type":"binary-expr","locations":[{"start":{"line":206,"column":8},"end":{"line":206,"column":24}},{"start":{"line":206,"column":28},"end":{"line":206,"column":56}}],"line":206},"26":{"loc":{"start":{"line":207,"column":8},"end":{"line":207,"column":56}},"type":"binary-expr","locations":[{"start":{"line":207,"column":8},"end":{"line":207,"column":24}},{"start":{"line":207,"column":28},"end":{"line":207,"column":56}}],"line":207},"27":{"loc":{"start":{"line":212,"column":6},"end":{"line":217,"column":7}},"type":"if","locations":[{"start":{"line":212,"column":6},"end":{"line":217,"column":7}},{"start":{},"end":{}}],"line":212},"28":{"loc":{"start":{"line":250,"column":4},"end":{"line":255,"column":5}},"type":"if","locations":[{"start":{"line":250,"column":4},"end":{"line":255,"column":5}},{"start":{},"end":{}}],"line":250}},"s":{"0":2,"1":2,"2":2,"3":2,"4":2,"5":0,"6":0,"7":0,"8":0,"9":0,"10":0,"11":0,"12":0,"13":0,"14":0,"15":0,"16":0,"17":0,"18":0,"19":0,"20":0,"21":0,"22":0,"23":0,"24":0,"25":0,"26":0,"27":0,"28":0,"29":0,"30":2,"31":0,"32":0,"33":0,"34":0,"35":0,"36":0,"37":0,"38":0,"39":0,"40":0,"41":0,"42":0,"43":0,"44":0,"45":0,"46":2,"47":0,"48":0,"49":0,"50":0,"51":0,"52":0,"53":0,"54":0,"55":0,"56":0,"57":0,"58":0,"59":0,"60":0,"61":0,"62":0,"63":0,"64":0,"65":0,"66":0,"67":0,"68":0,"69":2,"70":0,"71":0,"72":0,"73":0,"74":0,"75":0,"76":0,"77":0,"78":0,"79":0,"80":0,"81":0,"82":0,"83":0,"84":0,"85":0,"86":0,"87":0,"88":0,"89":0,"90":0,"91":0,"92":0,"93":0,"94":0,"95":2,"96":0,"97":0,"98":0,"99":0,"100":0,"101":0,"102":0,"103":0,"104":2,"105":0,"106":0,"107":0,"108":0,"109":0,"110":0},"f":{"0":0,"1":0,"2":0,"3":0,"4":0,"5":0},"b":{"0":[0,0],"1":[0,0],"2":[0,0],"3":[0,0],"4":[0,0],"5":[0,0],"6":[0,0],"7":[0,0],"8":[0,0],"9":[0,0],"10":[0,0],"11":[0,0],"12":[0,0],"13":[0,0],"14":[0,0],"15":[0,0],"16":[0,0],"17":[0,0],"18":[0,0],"19":[0,0],"20":[0,0],"21":[0,0],"22":[0,0],"23":[0,0],"24":[0,0],"25":[0,0],"26":[0,0],"27":[0,0],"28":[0,0]},"_coverageSchema":"1a1c01bbd47fc00a2c39e90264f33305004495a9","hash":"9de7b55e55422b162f13463b1eb1b82b36d3766c"}
,"/Users/paullakandri/Desktop/Projects/beautysalonbookingsystem/radiance-salon-manager/backend/src/controllers/authController.js": {"path":"/Users/paullakandri/Desktop/Projects/beautysalonbookingsystem/radiance-salon-manager/backend/src/controllers/authController.js","statementMap":{"0":{"start":{"line":1,"column":13},"end":{"line":1,"column":38}},"1":{"start":{"line":2,"column":17},"end":{"line":2,"column":46}},"2":{"start":{"line":3,"column":14},"end":{"line":3,"column":40}},"3":{"start":{"line":4,"column":22},"end":{"line":4,"column":55}},"4":{"start":{"line":6,"column":0},"end":{"line":63,"column":2}},"5":{"start":{"line":7,"column":2},"end":{"line":62,"column":3}},"6":{"start":{"line":8,"column":80},"end":{"line":8,"column":88}},"7":{"start":{"line":11,"column":25},"end":{"line":11,"column":54}},"8":{"start":{"line":12,"column":4},"end":{"line":17,"column":5}},"9":{"start":{"line":13,"column":6},"end":{"line":16,"column":9}},"10":{"start":{"line":20,"column":19},"end":{"line":26,"column":6}},"11":{"start":{"line":29,"column":4},"end":{"line":36,"column":5}},"12":{"start":{"line":30,"column":6},"end":{"line":35,"column":9}},"13":{"start":{"line":38,"column":17},"end":{"line":38,"column":44}},"14":{"start":{"line":39,"column":18},"end":{"line":39,"column":39}},"15":{"start":{"line":41,"column":4},"end":{"line":54,"column":7}},"16":{"start":{"line":56,"column":4},"end":{"line":56,"column":48}},"17":{"start":{"line":57,"column":4},"end":{"line":61,"column":7}},"18":{"start":{"line":65,"column":0},"end":{"line":127,"column":2}},"19":{"start":{"line":66,"column":2},"end":{"line":126,"column":3}},"20":{"start":{"line":67,"column":32},"end":{"line":67,"column":40}},"21":{"start":{"line":70,"column":4},"end":{"line":75,"column":5}},"22":{"start":{"line":71,"column":6},"end":{"line":74,"column":9}},"23":{"start":{"line":78,"column":17},"end":{"line":78,"column":46}},"24":{"start":{"line":79,"column":4},"end":{"line":84,"column":5}},"25":{"start":{"line":80,"column":6},"end":{"line":83,"column":9}},"26":{"start":{"line":87,"column":4},"end":{"line":92,"column":5}},"27":{"start":{"line":88,"column":6},"end":{"line":91,"column":9}},"28":{"start":{"line":95,"column":20},"end":{"line":95,"column":77}},"29":{"start":{"line":96,"column":4},"end":{"line":101,"column":5}},"30":{"start":{"line":97,"column":6},"end":{"line":100,"column":9}},"31":{"start":{"line":103,"column":18},"end":{"line":103,"column":40}},"32":{"start":{"line":105,"column":4},"end":{"line":118,"column":7}},"33":{"start":{"line":120,"column":4},"end":{"line":120,"column":41}},"34":{"start":{"line":121,"column":4},"end":{"line":125,"column":7}},"35":{"start":{"line":129,"column":0},"end":{"line":174,"column":2}},"36":{"start":{"line":130,"column":2},"end":{"line":173,"column":3}},"37":{"start":{"line":131,"column":17},"end":{"line":131,"column":49}},"38":{"start":{"line":133,"column":18},"end":{"line":140,"column":5}},"39":{"start":{"line":143,"column":4},"end":{"line":160,"column":5}},"40":{"start":{"line":144,"column":23},"end":{"line":144,"column":59}},"41":{"start":{"line":145,"column":6},"end":{"line":150,"column":7}},"42":{"start":{"line":146,"column":8},"end":{"line":146,"column":42}},"43":{"start":{"line":147,"column":8},"end":{"line":147,"column":55}},"44":{"start":{"line":148,"column":8},"end":{"line":148,"column":43}},"45":{"start":{"line":149,"column":8},"end":{"line":149,"column":51}},"46":{"start":{"line":151,"column":11},"end":{"line":160,"column":5}},"47":{"start":{"line":152,"column":20},"end":{"line":152,"column":53}},"48":{"start":{"line":153,"column":6},"end":{"line":159,"column":7}},"49":{"start":{"line":154,"column":8},"end":{"line":154,"column":36}},"50":{"start":{"line":155,"column":8},"end":{"line":155,"column":54}},"51":{"start":{"line":156,"column":8},"end":{"line":156,"column":58}},"52":{"start":{"line":157,"column":8},"end":{"line":157,"column":32}},"53":{"start":{"line":158,"column":8},"end":{"line":158,"column":50}},"54":{"start":{"line":162,"column":4},"end":{"line":165,"column":7}},"55":{"start":{"line":167,"column":4},"end":{"line":167,"column":47}},"56":{"start":{"line":168,"column":4},"end":{"line":172,"column":7}},"57":{"start":{"line":176,"column":0},"end":{"line":205,"column":2}},"58":{"start":{"line":177,"column":2},"end":{"line":204,"column":3}},"59":{"start":{"line":178,"column":70},"end":{"line":178,"column":78}},"60":{"start":{"line":181,"column":4},"end":{"line":183,"column":5}},"61":{"start":{"line":182,"column":6},"end":{"line":182,"column":59}},"62":{"start":{"line":186,"column":4},"end":{"line":191,"column":5}},"63":{"start":{"line":187,"column":23},"end":{"line":187,"column":63}},"64":{"start":{"line":188,"column":6},"end":{"line":190,"column":7}},"65":{"start":{"line":189,"column":8},"end":{"line":189,"column":84}},"66":{"start":{"line":193,"column":4},"end":{"line":196,"column":7}},"67":{"start":{"line":198,"column":4},"end":{"line":198,"column":50}},"68":{"start":{"line":199,"column":4},"end":{"line":203,"column":7}},"69":{"start":{"line":207,"column":0},"end":{"line":242,"column":2}},"70":{"start":{"line":208,"column":2},"end":{"line":241,"column":3}},"71":{"start":{"line":209,"column":45},"end":{"line":209,"column":53}},"72":{"start":{"line":211,"column":4},"end":{"line":216,"column":5}},"73":{"start":{"line":212,"column":6},"end":{"line":215,"column":9}},"74":{"start":{"line":218,"column":17},"end":{"line":218,"column":49}},"75":{"start":{"line":219,"column":20},"end":{"line":219,"column":84}},"76":{"start":{"line":221,"column":4},"end":{"line":226,"column":5}},"77":{"start":{"line":222,"column":6},"end":{"line":225,"column":9}},"78":{"start":{"line":228,"column":4},"end":{"line":228,"column":56}},"79":{"start":{"line":230,"column":4},"end":{"line":233,"column":7}},"80":{"start":{"line":235,"column":4},"end":{"line":235,"column":51}},"81":{"start":{"line":236,"column":4},"end":{"line":240,"column":7}}},"fnMap":{"0":{"name":"(anonymous_0)","decl":{"start":{"line":6,"column":19},"end":{"line":6,"column":20}},"loc":{"start":{"line":6,"column":39},"end":{"line":63,"column":1}},"line":6},"1":{"name":"(anonymous_1)","decl":{"start":{"line":65,"column":16},"end":{"line":65,"column":17}},"loc":{"start":{"line":65,"column":36},"end":{"line":127,"column":1}},"line":65},"2":{"name":"(anonymous_2)","decl":{"start":{"line":129,"column":21},"end":{"line":129,"column":22}},"loc":{"start":{"line":129,"column":41},"end":{"line":174,"column":1}},"line":129},"3":{"name":"(anonymous_3)","decl":{"start":{"line":176,"column":24},"end":{"line":176,"column":25}},"loc":{"start":{"line":176,"column":44},"end":{"line":205,"column":1}},"line":176},"4":{"name":"(anonymous_4)","decl":{"start":{"line":207,"column":25},"end":{"line":207,"column":26}},"loc":{"start":{"line":207,"column":45},"end":{"line":242,"column":1}},"line":207}},"branchMap":{"0":{"loc":{"start":{"line":12,"column":4},"end":{"line":17,"column":5}},"type":"if","locations":[{"start":{"line":12,"column":4},"end":{"line":17,"column":5}},{"start":{},"end":{}}],"line":12},"1":{"loc":{"start":{"line":25,"column":12},"end":{"line":25,"column":30}},"type":"binary-expr","locations":[{"start":{"line":25,"column":12},"end":{"line":25,"column":16}},{"start":{"line":25,"column":20},"end":{"line":25,"column":30}}],"line":25},"2":{"loc":{"start":{"line":29,"column":4},"end":{"line":36,"column":5}},"type":"if","locations":[{"start":{"line":29,"column":4},"end":{"line":36,"column":5}},{"start":{},"end":{}}],"line":29},"3":{"loc":{"start":{"line":29,"column":8},"end":{"line":29,"column":36}},"type":"binary-expr","locations":[{"start":{"line":29,"column":8},"end":{"line":29,"column":13}},{"start":{"line":29,"column":17},"end":{"line":29,"column":36}}],"line":29},"4":{"loc":{"start":{"line":32,"column":23},"end":{"line":32,"column":44}},"type":"binary-expr","locations":[{"start":{"line":32,"column":23},"end":{"line":32,"column":36}},{"start":{"line":32,"column":40},"end":{"line":32,"column":44}}],"line":32},"5":{"loc":{"start":{"line":33,"column":17},"end":{"line":33,"column":32}},"type":"binary-expr","locations":[{"start":{"line":33,"column":17},"end":{"line":33,"column":24}},{"start":{"line":33,"column":28},"end":{"line":33,"column":32}}],"line":33},"6":{"loc":{"start":{"line":70,"column":4},"end":{"line":75,"column":5}},"type":"if","locations":[{"start":{"line":70,"column":4},"end":{"line":75,"column":5}},{"start":{},"end":{}}],"line":70},"7":{"loc":{"start":{"line":70,"column":8},"end":{"line":70,"column":27}},"type":"binary-expr","locations":[{"start":{"line":70,"column":8},"end":{"line":70,"column":14}},{"start":{"line":70,"column":18},"end":{"line":70,"column":27}}],"line":70},"8":{"loc":{"start":{"line":79,"column":4},"end":{"line":84,"column":5}},"type":"if","locations":[{"start":{"line":79,"column":4},"end":{"line":84,"column":5}},{"start":{},"end":{}}],"line":79},"9":{"loc":{"start":{"line":87,"column":4},"end":{"line":92,"column":5}},"type":"if","locations":[{"start":{"line":87,"column":4},"end":{"line":92,"column":5}},{"start":{},"end":{}}],"line":87},"10":{"loc":{"start":{"line":96,"column":4},"end":{"line":101,"column":5}},"type":"if","locations":[{"start":{"line":96,"column":4},"end":{"line":101,"column":5}},{"start":{},"end":{}}],"line":96},"11":{"loc":{"start":{"line":143,"column":4},"end":{"line":160,"column":5}},"type":"if","locations":[{"start":{"line":143,"column":4},"end":{"line":160,"column":5}},{"start":{"line":151,"column":11},"end":{"line":160,"column":5}}],"line":143},"12":{"loc":{"start":{"line":145,"column":6},"end":{"line":150,"column":7}},"type":"if","locations":[{"start":{"line":145,"column":6},"end":{"line":150,"column":7}},{"start":{},"end":{}}],"line":145},"13":{"loc":{"start":{"line":151,"column":11},"end":{"line":160,"column":5}},"type":"if","locations":[{"start":{"line":151,"column":11},"end":{"line":160,"column":5}},{"start":{},"end":{}}],"line":151},"14":{"loc":{"start":{"line":153,"column":6},"end":{"line":159,"column":7}},"type":"if","locations":[{"start":{"line":153,"column":6},"end":{"line":159,"column":7}},{"start":{},"end":{}}],"line":153},"15":{"loc":{"start":{"line":181,"column":4},"end":{"line":183,"column":5}},"type":"if","locations":[{"start":{"line":181,"column":4},"end":{"line":183,"column":5}},{"start":{},"end":{}}],"line":181},"16":{"loc":{"start":{"line":181,"column":8},"end":{"line":181,"column":26}},"type":"binary-expr","locations":[{"start":{"line":181,"column":8},"end":{"line":181,"column":17}},{"start":{"line":181,"column":21},"end":{"line":181,"column":26}}],"line":181},"17":{"loc":{"start":{"line":186,"column":4},"end":{"line":191,"column":5}},"type":"if","locations":[{"start":{"line":186,"column":4},"end":{"line":191,"column":5}},{"start":{},"end":{}}],"line":186},"18":{"loc":{"start":{"line":188,"column":6},"end":{"line":190,"column":7}},"type":"if","locations":[{"start":{"line":188,"column":6},"end":{"line":190,"column":7}},{"start":{},"end":{}}],"line":188},"19":{"loc":{"start":{"line":211,"column":4},"end":{"line":216,"column":5}},"type":"if","locations":[{"start":{"line":211,"column":4},"end":{"line":216,"column":5}},{"start":{},"end":{}}],"line":211},"20":{"loc":{"start":{"line":211,"column":8},"end":{"line":211,"column":40}},"type":"binary-expr","locations":[{"start":{"line":211,"column":8},"end":{"line":211,"column":24}},{"start":{"line":211,"column":28},"end":{"line":211,"column":40}}],"line":211},"21":{"loc":{"start":{"line":221,"column":4},"end":{"line":226,"column":5}},"type":"if","locations":[{"start":{"line":221,"column":4},"end":{"line":226,"column":5}},{"start":{},"end":{}}],"line":221}},"s":{"0":2,"1":2,"2":2,"3":2,"4":2,"5":3,"6":3,"7":3,"8":3,"9":1,"10":2,"11":2,"12":2,"13":2,"14":2,"15":2,"16":0,"17":0,"18":2,"19":2,"20":2,"21":2,"22":0,"23":2,"24":2,"25":2,"26":0,"27":0,"28":0,"29":0,"30":0,"31":0,"32":0,"33":0,"34":0,"35":2,"36":0,"37":0,"38":0,"39":0,"40":0,"41":0,"42":0,"43":0,"44":0,"45":0,"46":0,"47":0,"48":0,"49":0,"50":0,"51":0,"52":0,"53":0,"54":0,"55":0,"56":0,"57":2,"58":0,"59":0,"60":0,"61":0,"62":0,"63":0,"64":0,"65":0,"66":0,"67":0,"68":0,"69":2,"70":0,"71":0,"72":0,"73":0,"74":0,"75":0,"76":0,"77":0,"78":0,"79":0,"80":0,"81":0},"f":{"0":3,"1":2,"2":0,"3":0,"4":0},"b":{"0":[1,2],"1":[2,2],"2":[2,0],"3":[2,0],"4":[2,2],"5":[2,2],"6":[0,2],"7":[2,2],"8":[2,0],"9":[0,0],"10":[0,0],"11":[0,0],"12":[0,0],"13":[0,0],"14":[0,0],"15":[0,0],"16":[0,0],"17":[0,0],"18":[0,0],"19":[0,0],"20":[0,0],"21":[0,0]},"_coverageSchema":"1a1c01bbd47fc00a2c39e90264f33305004495a9","hash":"da9b98b67f61ae28de09a8173f740fae899be2ff"}
,"/Users/paullakandri/Desktop/Projects/beautysalonbookingsystem/radiance-salon-manager/backend/src/controllers/serviceController.js": {"path":"/Users/paullakandri/Desktop/Projects/beautysalonbookingsystem/radiance-salon-manager/backend/src/controllers/serviceController.js","statementMap":{"0":{"start":{"line":1,"column":16},"end":{"line":1,"column":44}},"1":{"start":{"line":3,"column":0},"end":{"line":27,"column":2}},"2":{"start":{"line":4,"column":2},"end":{"line":26,"column":3}},"3":{"start":{"line":5,"column":43},"end":{"line":5,"column":52}},"4":{"start":{"line":8,"column":4},"end":{"line":12,"column":5}},"5":{"start":{"line":9,"column":6},"end":{"line":9,"column":56}},"6":{"start":{"line":11,"column":6},"end":{"line":11,"column":58}},"7":{"start":{"line":14,"column":4},"end":{"line":18,"column":7}},"8":{"start":{"line":20,"column":4},"end":{"line":20,"column":48}},"9":{"start":{"line":21,"column":4},"end":{"line":25,"column":7}},"10":{"start":{"line":29,"column":0},"end":{"line":52,"column":2}},"11":{"start":{"line":30,"column":2},"end":{"line":51,"column":3}},"12":{"start":{"line":31,"column":20},"end":{"line":31,"column":57}},"13":{"start":{"line":33,"column":4},"end":{"line":38,"column":5}},"14":{"start":{"line":34,"column":6},"end":{"line":37,"column":9}},"15":{"start":{"line":40,"column":4},"end":{"line":43,"column":7}},"16":{"start":{"line":45,"column":4},"end":{"line":45,"column":47}},"17":{"start":{"line":46,"column":4},"end":{"line":50,"column":7}},"18":{"start":{"line":54,"column":0},"end":{"line":81,"column":2}},"19":{"start":{"line":55,"column":2},"end":{"line":80,"column":3}},"20":{"start":{"line":56,"column":77},"end":{"line":56,"column":85}},"21":{"start":{"line":58,"column":22},"end":{"line":64,"column":6}},"22":{"start":{"line":66,"column":20},"end":{"line":66,"column":53}},"23":{"start":{"line":68,"column":4},"end":{"line":72,"column":7}},"24":{"start":{"line":74,"column":4},"end":{"line":74,"column":50}},"25":{"start":{"line":75,"column":4},"end":{"line":79,"column":7}},"26":{"start":{"line":83,"column":0},"end":{"line":119,"column":2}},"27":{"start":{"line":84,"column":2},"end":{"line":118,"column":3}},"28":{"start":{"line":85,"column":88},"end":{"line":85,"column":96}},"29":{"start":{"line":87,"column":20},"end":{"line":87,"column":57}},"30":{"start":{"line":88,"column":4},"end":{"line":93,"column":5}},"31":{"start":{"line":89,"column":6},"end":{"line":92,"column":9}},"32":{"start":{"line":95,"column":4},"end":{"line":102,"column":7}},"33":{"start":{"line":104,"column":27},"end":{"line":104,"column":64}},"34":{"start":{"line":106,"column":4},"end":{"line":110,"column":7}},"35":{"start":{"line":112,"column":4},"end":{"line":112,"column":50}},"36":{"start":{"line":113,"column":4},"end":{"line":117,"column":7}},"37":{"start":{"line":121,"column":0},"end":{"line":145,"column":2}},"38":{"start":{"line":122,"column":2},"end":{"line":144,"column":3}},"39":{"start":{"line":123,"column":20},"end":{"line":123,"column":57}},"40":{"start":{"line":124,"column":4},"end":{"line":129,"column":5}},"41":{"start":{"line":125,"column":6},"end":{"line":128,"column":9}},"42":{"start":{"line":131,"column":4},"end":{"line":131,"column":40}},"43":{"start":{"line":133,"column":4},"end":{"line":136,"column":7}},"44":{"start":{"line":138,"column":4},"end":{"line":138,"column":50}},"45":{"start":{"line":139,"column":4},"end":{"line":143,"column":7}},"46":{"start":{"line":147,"column":0},"end":{"line":163,"column":2}},"47":{"start":{"line":148,"column":2},"end":{"line":162,"column":3}},"48":{"start":{"line":149,"column":23},"end":{"line":149,"column":52}},"49":{"start":{"line":151,"column":4},"end":{"line":154,"column":7}},"50":{"start":{"line":156,"column":4},"end":{"line":156,"column":50}},"51":{"start":{"line":157,"column":4},"end":{"line":161,"column":7}}},"fnMap":{"0":{"name":"(anonymous_0)","decl":{"start":{"line":3,"column":25},"end":{"line":3,"column":26}},"loc":{"start":{"line":3,"column":45},"end":{"line":27,"column":1}},"line":3},"1":{"name":"(anonymous_1)","decl":{"start":{"line":29,"column":21},"end":{"line":29,"column":22}},"loc":{"start":{"line":29,"column":41},"end":{"line":52,"column":1}},"line":29},"2":{"name":"(anonymous_2)","decl":{"start":{"line":54,"column":24},"end":{"line":54,"column":25}},"loc":{"start":{"line":54,"column":44},"end":{"line":81,"column":1}},"line":54},"3":{"name":"(anonymous_3)","decl":{"start":{"line":83,"column":24},"end":{"line":83,"column":25}},"loc":{"start":{"line":83,"column":44},"end":{"line":119,"column":1}},"line":83},"4":{"name":"(anonymous_4)","decl":{"start":{"line":121,"column":24},"end":{"line":121,"column":25}},"loc":{"start":{"line":121,"column":44},"end":{"line":145,"column":1}},"line":121},"5":{"name":"(anonymous_5)","decl":{"start":{"line":147,"column":24},"end":{"line":147,"column":25}},"loc":{"start":{"line":147,"column":44},"end":{"line":163,"column":1}},"line":147}},"branchMap":{"0":{"loc":{"start":{"line":8,"column":4},"end":{"line":12,"column":5}},"type":"if","locations":[{"start":{"line":8,"column":4},"end":{"line":12,"column":5}},{"start":{"line":10,"column":11},"end":{"line":12,"column":5}}],"line":8},"1":{"loc":{"start":{"line":33,"column":4},"end":{"line":38,"column":5}},"type":"if","locations":[{"start":{"line":33,"column":4},"end":{"line":38,"column":5}},{"start":{},"end":{}}],"line":33},"2":{"loc":{"start":{"line":88,"column":4},"end":{"line":93,"column":5}},"type":"if","locations":[{"start":{"line":88,"column":4},"end":{"line":93,"column":5}},{"start":{},"end":{}}],"line":88},"3":{"loc":{"start":{"line":124,"column":4},"end":{"line":129,"column":5}},"type":"if","locations":[{"start":{"line":124,"column":4},"end":{"line":129,"column":5}},{"start":{},"end":{}}],"line":124}},"s":{"0":2,"1":2,"2":1,"3":1,"4":1,"5":0,"6":1,"7":1,"8":0,"9":0,"10":2,"11":2,"12":2,"13":2,"14":1,"15":1,"16":0,"17":0,"18":2,"19":0,"20":0,"21":0,"22":0,"23":0,"24":0,"25":0,"26":2,"27":0,"28":0,"29":0,"30":0,"31":0,"32":0,"33":0,"34":0,"35":0,"36":0,"37":2,"38":0,"39":0,"40":0,"41":0,"42":0,"43":0,"44":0,"45":0,"46":2,"47":1,"48":1,"49":1,"50":0,"51":0},"f":{"0":1,"1":2,"2":0,"3":0,"4":0,"5":1},"b":{"0":[0,1],"1":[1,1],"2":[0,0],"3":[0,0]},"_coverageSchema":"1a1c01bbd47fc00a2c39e90264f33305004495a9","hash":"2804498c4a4c0280dc12c0a9aef9718c06cd0dd6"}
,"/Users/paullakandri/Desktop/Projects/beautysalonbookingsystem/radiance-salon-manager/backend/src/controllers/staffController.js": {"path":"/Users/paullakandri/Desktop/Projects/beautysalonbookingsystem/radiance-salon-manager/backend/src/controllers/staffController.js","statementMap":{"0":{"start":{"line":1,"column":14},"end":{"line":1,"column":40}},"1":{"start":{"line":2,"column":13},"end":{"line":2,"column":38}},"2":{"start":{"line":4,"column":0},"end":{"line":22,"column":2}},"3":{"start":{"line":5,"column":2},"end":{"line":21,"column":3}},"4":{"start":{"line":6,"column":31},"end":{"line":6,"column":40}},"5":{"start":{"line":7,"column":18},"end":{"line":7,"column":64}},"6":{"start":{"line":9,"column":4},"end":{"line":13,"column":7}},"7":{"start":{"line":15,"column":4},"end":{"line":15,"column":45}},"8":{"start":{"line":16,"column":4},"end":{"line":20,"column":7}},"9":{"start":{"line":24,"column":0},"end":{"line":47,"column":2}},"10":{"start":{"line":25,"column":2},"end":{"line":46,"column":3}},"11":{"start":{"line":26,"column":18},"end":{"line":26,"column":53}},"12":{"start":{"line":28,"column":4},"end":{"line":33,"column":5}},"13":{"start":{"line":29,"column":6},"end":{"line":32,"column":9}},"14":{"start":{"line":35,"column":4},"end":{"line":38,"column":7}},"15":{"start":{"line":40,"column":4},"end":{"line":40,"column":45}},"16":{"start":{"line":41,"column":4},"end":{"line":45,"column":7}},"17":{"start":{"line":49,"column":0},"end":{"line":94,"column":2}},"18":{"start":{"line":50,"column":2},"end":{"line":93,"column":3}},"19":{"start":{"line":51,"column":89},"end":{"line":51,"column":97}},"20":{"start":{"line":54,"column":25},"end":{"line":54,"column":54}},"21":{"start":{"line":55,"column":4},"end":{"line":60,"column":5}},"22":{"start":{"line":56,"column":6},"end":{"line":59,"column":9}},"23":{"start":{"line":63,"column":19},"end":{"line":69,"column":6}},"24":{"start":{"line":72,"column":20},"end":{"line":77,"column":6}},"25":{"start":{"line":79,"column":18},"end":{"line":79,"column":47}},"26":{"start":{"line":81,"column":4},"end":{"line":85,"column":7}},"27":{"start":{"line":87,"column":4},"end":{"line":87,"column":48}},"28":{"start":{"line":88,"column":4},"end":{"line":92,"column":7}},"29":{"start":{"line":96,"column":0},"end":{"line":136,"column":2}},"30":{"start":{"line":97,"column":2},"end":{"line":135,"column":3}},"31":{"start":{"line":98,"column":86},"end":{"line":98,"column":94}},"32":{"start":{"line":100,"column":18},"end":{"line":100,"column":53}},"33":{"start":{"line":101,"column":4},"end":{"line":106,"column":5}},"34":{"start":{"line":102,"column":6},"end":{"line":105,"column":9}},"35":{"start":{"line":109,"column":4},"end":{"line":111,"column":5}},"36":{"start":{"line":110,"column":6},"end":{"line":110,"column":61}},"37":{"start":{"line":114,"column":4},"end":{"line":119,"column":7}},"38":{"start":{"line":121,"column":25},"end":{"line":121,"column":60}},"39":{"start":{"line":123,"column":4},"end":{"line":127,"column":7}},"40":{"start":{"line":129,"column":4},"end":{"line":129,"column":48}},"41":{"start":{"line":130,"column":4},"end":{"line":134,"column":7}},"42":{"start":{"line":138,"column":0},"end":{"line":162,"column":2}},"43":{"start":{"line":139,"column":2},"end":{"line":161,"column":3}},"44":{"start":{"line":140,"column":18},"end":{"line":140,"column":53}},"45":{"start":{"line":141,"column":4},"end":{"line":146,"column":5}},"46":{"start":{"line":142,"column":6},"end":{"line":145,"column":9}},"47":{"start":{"line":148,"column":4},"end":{"line":148,"column":38}},"48":{"start":{"line":150,"column":4},"end":{"line":153,"column":7}},"49":{"start":{"line":155,"column":4},"end":{"line":155,"column":48}},"50":{"start":{"line":156,"column":4},"end":{"line":160,"column":7}},"51":{"start":{"line":164,"column":0},"end":{"line":181,"column":2}},"52":{"start":{"line":165,"column":2},"end":{"line":180,"column":3}},"53":{"start":{"line":166,"column":21},"end":{"line":166,"column":59}},"54":{"start":{"line":168,"column":4},"end":{"line":172,"column":7}},"55":{"start":{"line":174,"column":4},"end":{"line":174,"column":54}},"56":{"start":{"line":175,"column":4},"end":{"line":179,"column":7}},"57":{"start":{"line":183,"column":0},"end":{"line":201,"column":2}},"58":{"start":{"line":184,"column":2},"end":{"line":200,"column":3}},"59":{"start":{"line":185,"column":27},"end":{"line":185,"column":35}},"60":{"start":{"line":187,"column":4},"end":{"line":187,"column":54}},"61":{"start":{"line":189,"column":4},"end":{"line":192,"column":7}},"62":{"start":{"line":194,"column":4},"end":{"line":194,"column":53}},"63":{"start":{"line":195,"column":4},"end":{"line":199,"column":7}},"64":{"start":{"line":203,"column":0},"end":{"line":221,"column":2}},"65":{"start":{"line":204,"column":2},"end":{"line":220,"column":3}},"66":{"start":{"line":205,"column":27},"end":{"line":205,"column":37}},"67":{"start":{"line":207,"column":4},"end":{"line":207,"column":57}},"68":{"start":{"line":209,"column":4},"end":{"line":212,"column":7}},"69":{"start":{"line":214,"column":4},"end":{"line":214,"column":56}},"70":{"start":{"line":215,"column":4},"end":{"line":219,"column":7}},"71":{"start":{"line":223,"column":0},"end":{"line":240,"column":2}},"72":{"start":{"line":224,"column":2},"end":{"line":239,"column":3}},"73":{"start":{"line":225,"column":18},"end":{"line":225,"column":66}},"74":{"start":{"line":227,"column":4},"end":{"line":231,"column":7}},"75":{"start":{"line":233,"column":4},"end":{"line":233,"column":56}},"76":{"start":{"line":234,"column":4},"end":{"line":238,"column":7}}},"fnMap":{"0":{"name":"(anonymous_0)","decl":{"start":{"line":4,"column":22},"end":{"line":4,"column":23}},"loc":{"start":{"line":4,"column":42},"end":{"line":22,"column":1}},"line":4},"1":{"name":"(anonymous_1)","decl":{"start":{"line":24,"column":19},"end":{"line":24,"column":20}},"loc":{"start":{"line":24,"column":39},"end":{"line":47,"column":1}},"line":24},"2":{"name":"(anonymous_2)","decl":{"start":{"line":49,"column":22},"end":{"line":49,"column":23}},"loc":{"start":{"line":49,"column":42},"end":{"line":94,"column":1}},"line":49},"3":{"name":"(anonymous_3)","decl":{"start":{"line":96,"column":22},"end":{"line":96,"column":23}},"loc":{"start":{"line":96,"column":42},"end":{"line":136,"column":1}},"line":96},"4":{"name":"(anonymous_4)","decl":{"start":{"line":138,"column":22},"end":{"line":138,"column":23}},"loc":{"start":{"line":138,"column":42},"end":{"line":162,"column":1}},"line":138},"5":{"name":"(anonymous_5)","decl":{"start":{"line":164,"column":27},"end":{"line":164,"column":28}},"loc":{"start":{"line":164,"column":47},"end":{"line":181,"column":1}},"line":164},"6":{"name":"(anonymous_6)","decl":{"start":{"line":183,"column":26},"end":{"line":183,"column":27}},"loc":{"start":{"line":183,"column":46},"end":{"line":201,"column":1}},"line":183},"7":{"name":"(anonymous_7)","decl":{"start":{"line":203,"column":29},"end":{"line":203,"column":30}},"loc":{"start":{"line":203,"column":49},"end":{"line":221,"column":1}},"line":203},"8":{"name":"(anonymous_8)","decl":{"start":{"line":223,"column":28},"end":{"line":223,"column":29}},"loc":{"start":{"line":223,"column":48},"end":{"line":240,"column":1}},"line":223}},"branchMap":{"0":{"loc":{"start":{"line":28,"column":4},"end":{"line":33,"column":5}},"type":"if","locations":[{"start":{"line":28,"column":4},"end":{"line":33,"column":5}},{"start":{},"end":{}}],"line":28},"1":{"loc":{"start":{"line":55,"column":4},"end":{"line":60,"column":5}},"type":"if","locations":[{"start":{"line":55,"column":4},"end":{"line":60,"column":5}},{"start":{},"end":{}}],"line":55},"2":{"loc":{"start":{"line":101,"column":4},"end":{"line":106,"column":5}},"type":"if","locations":[{"start":{"line":101,"column":4},"end":{"line":106,"column":5}},{"start":{},"end":{}}],"line":101},"3":{"loc":{"start":{"line":109,"column":4},"end":{"line":111,"column":5}},"type":"if","locations":[{"start":{"line":109,"column":4},"end":{"line":111,"column":5}},{"start":{},"end":{}}],"line":109},"4":{"loc":{"start":{"line":109,"column":8},"end":{"line":109,"column":26}},"type":"binary-expr","locations":[{"start":{"line":109,"column":8},"end":{"line":109,"column":17}},{"start":{"line":109,"column":21},"end":{"line":109,"column":26}}],"line":109},"5":{"loc":{"start":{"line":141,"column":4},"end":{"line":146,"column":5}},"type":"if","locations":[{"start":{"line":141,"column":4},"end":{"line":146,"column":5}},{"start":{},"end":{}}],"line":141}},"s":{"0":2,"1":2,"2":2,"3":0,"4":0,"5":0,"6":0,"7":0,"8":0,"9":2,"10":0,"11":0,"12":0,"13":0,"14":0,"15":0,"16":0,"17":2,"18":0,"19":0,"20":0,"21":0,"22":0,"23":0,"24":0,"25":0,"26":0,"27":0,"28":0,"29":2,"30":0,"31":0,"32":0,"33":0,"34":0,"35":0,"36":0,"37":0,"38":0,"39":0,"40":0,"41":0,"42":2,"43":0,"44":0,"45":0,"46":0,"47":0,"48":0,"49":0,"50":0,"51":2,"52":0,"53":0,"54":0,"55":0,"56":0,"57":2,"58":0,"59":0,"60":0,"61":0,"62":0,"63":0,"64":2,"65":0,"66":0,"67":0,"68":0,"69":0,"70":0,"71":2,"72":0,"73":0,"74":0,"75":0,"76":0},"f":{"0":0,"1":0,"2":0,"3":0,"4":0,"5":0,"6":0,"7":0,"8":0},"b":{"0":[0,0],"1":[0,0],"2":[0,0],"3":[0,0],"4":[0,0],"5":[0,0]},"_coverageSchema":"1a1c01bbd47fc00a2c39e90264f33305004495a9","hash":"a0b4f7165928b5178aac71b07d91a64e2fb55d54"}
,"/Users/paullakandri/Desktop/Projects/beautysalonbookingsystem/radiance-salon-manager/backend/src/middleware/auth.js": {"path":"/Users/paullakandri/Desktop/Projects/beautysalonbookingsystem/radiance-salon-manager/backend/src/middleware/auth.js","statementMap":{"0":{"start":{"line":1,"column":12},"end":{"line":1,"column":35}},"1":{"start":{"line":2,"column":13},"end":{"line":2,"column":38}},"2":{"start":{"line":4,"column":16},"end":{"line":50,"column":1}},"3":{"start":{"line":5,"column":2},"end":{"line":49,"column":3}},"4":{"start":{"line":8,"column":4},"end":{"line":10,"column":5}},"5":{"start":{"line":9,"column":6},"end":{"line":9,"column":54}},"6":{"start":{"line":12,"column":4},"end":{"line":17,"column":5}},"7":{"start":{"line":13,"column":6},"end":{"line":16,"column":9}},"8":{"start":{"line":19,"column":4},"end":{"line":43,"column":5}},"9":{"start":{"line":20,"column":22},"end":{"line":20,"column":63}},"10":{"start":{"line":21,"column":6},"end":{"line":21,"column":49}},"11":{"start":{"line":23,"column":6},"end":{"line":28,"column":7}},"12":{"start":{"line":24,"column":8},"end":{"line":27,"column":11}},"13":{"start":{"line":30,"column":6},"end":{"line":35,"column":7}},"14":{"start":{"line":31,"column":8},"end":{"line":34,"column":11}},"15":{"start":{"line":37,"column":6},"end":{"line":37,"column":13}},"16":{"start":{"line":39,"column":6},"end":{"line":42,"column":9}},"17":{"start":{"line":45,"column":4},"end":{"line":48,"column":7}},"18":{"start":{"line":52,"column":18},"end":{"line":62,"column":1}},"19":{"start":{"line":53,"column":2},"end":{"line":61,"column":4}},"20":{"start":{"line":54,"column":4},"end":{"line":59,"column":5}},"21":{"start":{"line":55,"column":6},"end":{"line":58,"column":9}},"22":{"start":{"line":60,"column":4},"end":{"line":60,"column":11}},"23":{"start":{"line":64,"column":0},"end":{"line":64,"column":40}}},"fnMap":{"0":{"name":"(anonymous_0)","decl":{"start":{"line":4,"column":16},"end":{"line":4,"column":17}},"loc":{"start":{"line":4,"column":42},"end":{"line":50,"column":1}},"line":4},"1":{"name":"(anonymous_1)","decl":{"start":{"line":52,"column":18},"end":{"line":52,"column":19}},"loc":{"start":{"line":52,"column":32},"end":{"line":62,"column":1}},"line":52},"2":{"name":"(anonymous_2)","decl":{"start":{"line":53,"column":9},"end":{"line":53,"column":10}},"loc":{"start":{"line":53,"column":29},"end":{"line":61,"column":3}},"line":53}},"branchMap":{"0":{"loc":{"start":{"line":8,"column":4},"end":{"line":10,"column":5}},"type":"if","locations":[{"start":{"line":8,"column":4},"end":{"line":10,"column":5}},{"start":{},"end":{}}],"line":8},"1":{"loc":{"start":{"line":8,"column":8},"end":{"line":8,"column":83}},"type":"binary-expr","locations":[{"start":{"line":8,"column":8},"end":{"line":8,"column":33}},{"start":{"line":8,"column":37},"end":{"line":8,"column":83}}],"line":8},"2":{"loc":{"start":{"line":12,"column":4},"end":{"line":17,"column":5}},"type":"if","locations":[{"start":{"line":12,"column":4},"end":{"line":17,"column":5}},{"start":{},"end":{}}],"line":12},"3":{"loc":{"start":{"line":23,"column":6},"end":{"line":28,"column":7}},"type":"if","locations":[{"start":{"line":23,"column":6},"end":{"line":28,"column":7}},{"start":{},"end":{}}],"line":23},"4":{"loc":{"start":{"line":30,"column":6},"end":{"line":35,"column":7}},"type":"if","locations":[{"start":{"line":30,"column":6},"end":{"line":35,"column":7}},{"start":{},"end":{}}],"line":30},"5":{"loc":{"start":{"line":54,"column":4},"end":{"line":59,"column":5}},"type":"if","locations":[{"start":{"line":54,"column":4},"end":{"line":59,"column":5}},{"start":{},"end":{}}],"line":54}},"s":{"0":2,"1":2,"2":2,"3":0,"4":0,"5":0,"6":0,"7":0,"8":0,"9":0,"10":0,"11":0,"12":0,"13":0,"14":0,"15":0,"16":0,"17":0,"18":2,"19":20,"20":0,"21":0,"22":0,"23":2},"f":{"0":0,"1":20,"2":0},"b":{"0":[0,0],"1":[0,0],"2":[0,0],"3":[0,0],"4":[0,0],"5":[0,0]},"_coverageSchema":"1a1c01bbd47fc00a2c39e90264f33305004495a9","hash":"3eea7e7a2010ec06a232ddd9d12874421f41d51e"}
,"/Users/paullakandri/Desktop/Projects/beautysalonbookingsystem/radiance-salon-manager/backend/src/middleware/errorHandler.js": {"path":"/Users/paullakandri/Desktop/Projects/beautysalonbookingsystem/radiance-salon-manager/backend/src/middleware/errorHandler.js","statementMap":{"0":{"start":{"line":1,"column":21},"end":{"line":24,"column":1}},"1":{"start":{"line":2,"column":2},"end":{"line":2,"column":27}},"2":{"start":{"line":4,"column":14},"end":{"line":4,"column":24}},"3":{"start":{"line":5,"column":2},"end":{"line":5,"column":30}},"4":{"start":{"line":8,"column":2},"end":{"line":11,"column":3}},"5":{"start":{"line":9,"column":20},"end":{"line":9,"column":51}},"6":{"start":{"line":10,"column":4},"end":{"line":10,"column":41}},"7":{"start":{"line":14,"column":2},"end":{"line":17,"column":3}},"8":{"start":{"line":15,"column":20},"end":{"line":15,"column":69}},"9":{"start":{"line":16,"column":4},"end":{"line":16,"column":41}},"10":{"start":{"line":19,"column":2},"end":{"line":23,"column":5}},"11":{"start":{"line":26,"column":0},"end":{"line":26,"column":30}}},"fnMap":{"0":{"name":"(anonymous_0)","decl":{"start":{"line":1,"column":21},"end":{"line":1,"column":22}},"loc":{"start":{"line":1,"column":46},"end":{"line":24,"column":1}},"line":1}},"branchMap":{"0":{"loc":{"start":{"line":8,"column":2},"end":{"line":11,"column":3}},"type":"if","locations":[{"start":{"line":8,"column":2},"end":{"line":11,"column":3}},{"start":{},"end":{}}],"line":8},"1":{"loc":{"start":{"line":14,"column":2},"end":{"line":17,"column":3}},"type":"if","locations":[{"start":{"line":14,"column":2},"end":{"line":17,"column":3}},{"start":{},"end":{}}],"line":14},"2":{"loc":{"start":{"line":14,"column":6},"end":{"line":14,"column":67}},"type":"binary-expr","locations":[{"start":{"line":14,"column":6},"end":{"line":14,"column":17}},{"start":{"line":14,"column":21},"end":{"line":14,"column":67}}],"line":14},"3":{"loc":{"start":{"line":19,"column":13},"end":{"line":19,"column":36}},"type":"binary-expr","locations":[{"start":{"line":19,"column":13},"end":{"line":19,"column":29}},{"start":{"line":19,"column":33},"end":{"line":19,"column":36}}],"line":19},"4":{"loc":{"start":{"line":21,"column":13},"end":{"line":21,"column":44}},"type":"binary-expr","locations":[{"start":{"line":21,"column":13},"end":{"line":21,"column":26}},{"start":{"line":21,"column":30},"end":{"line":21,"column":44}}],"line":21},"5":{"loc":{"start":{"line":22,"column":11},"end":{"line":22,"column":67}},"type":"cond-expr","locations":[{"start":{"line":22,"column":52},"end":{"line":22,"column":55}},{"start":{"line":22,"column":58},"end":{"line":22,"column":67}}],"line":22}},"s":{"0":2,"1":0,"2":0,"3":0,"4":0,"5":0,"6":0,"7":0,"8":0,"9":0,"10":0,"11":2},"f":{"0":0},"b":{"0":[0,0],"1":[0,0],"2":[0,0],"3":[0,0],"4":[0,0],"5":[0,0]},"_coverageSchema":"1a1c01bbd47fc00a2c39e90264f33305004495a9","hash":"fcb8b77bef00afa60e3dffca3c6e4a18da85fd19"}
,"/Users/paullakandri/Desktop/Projects/beautysalonbookingsystem/radiance-salon-manager/backend/src/middleware/validator.js": {"path":"/Users/paullakandri/Desktop/Projects/beautysalonbookingsystem/radiance-salon-manager/backend/src/middleware/validator.js","statementMap":{"0":{"start":{"line":1,"column":29},"end":{"line":1,"column":57}},"1":{"start":{"line":3,"column":17},"end":{"line":16,"column":1}},"2":{"start":{"line":4,"column":17},"end":{"line":4,"column":38}},"3":{"start":{"line":5,"column":2},"end":{"line":14,"column":3}},"4":{"start":{"line":6,"column":4},"end":{"line":13,"column":7}},"5":{"start":{"line":9,"column":41},"end":{"line":12,"column":7}},"6":{"start":{"line":15,"column":2},"end":{"line":15,"column":9}},"7":{"start":{"line":18,"column":0},"end":{"line":18,"column":26}}},"fnMap":{"0":{"name":"(anonymous_0)","decl":{"start":{"line":3,"column":17},"end":{"line":3,"column":18}},"loc":{"start":{"line":3,"column":37},"end":{"line":16,"column":1}},"line":3},"1":{"name":"(anonymous_1)","decl":{"start":{"line":9,"column":33},"end":{"line":9,"column":34}},"loc":{"start":{"line":9,"column":41},"end":{"line":12,"column":7}},"line":9}},"branchMap":{"0":{"loc":{"start":{"line":5,"column":2},"end":{"line":14,"column":3}},"type":"if","locations":[{"start":{"line":5,"column":2},"end":{"line":14,"column":3}},{"start":{},"end":{}}],"line":5}},"s":{"0":2,"1":2,"2":5,"3":5,"4":0,"5":0,"6":5,"7":2},"f":{"0":5,"1":0},"b":{"0":[0,5]},"_coverageSchema":"1a1c01bbd47fc00a2c39e90264f33305004495a9","hash":"fbb62f8dfc9b03bbf3d0f34cbaa9fdc2df5722c9"}
,"/Users/paullakandri/Desktop/Projects/beautysalonbookingsystem/radiance-salon-manager/backend/src/models/Appointment.js": {"path":"/Users/paullakandri/Desktop/Projects/beautysalonbookingsystem/radiance-salon-manager/backend/src/models/Appointment.js","statementMap":{"0":{"start":{"line":1,"column":17},"end":{"line":1,"column":46}},"1":{"start":{"line":5,"column":19},"end":{"line":9,"column":5}},"2":{"start":{"line":11,"column":4},"end":{"line":11,"column":21}},"3":{"start":{"line":15,"column":4},"end":{"line":27,"column":13}},"4":{"start":{"line":31,"column":14},"end":{"line":43,"column":5}},"5":{"start":{"line":45,"column":19},"end":{"line":45,"column":21}},"6":{"start":{"line":47,"column":4},"end":{"line":50,"column":5}},"7":{"start":{"line":48,"column":6},"end":{"line":48,"column":38}},"8":{"start":{"line":49,"column":6},"end":{"line":49,"column":39}},"9":{"start":{"line":52,"column":4},"end":{"line":55,"column":5}},"10":{"start":{"line":53,"column":6},"end":{"line":53,"column":35}},"11":{"start":{"line":54,"column":6},"end":{"line":54,"column":36}},"12":{"start":{"line":57,"column":4},"end":{"line":60,"column":5}},"13":{"start":{"line":58,"column":6},"end":{"line":58,"column":33}},"14":{"start":{"line":59,"column":6},"end":{"line":59,"column":34}},"15":{"start":{"line":62,"column":4},"end":{"line":65,"column":5}},"16":{"start":{"line":63,"column":6},"end":{"line":63,"column":43}},"17":{"start":{"line":64,"column":6},"end":{"line":64,"column":32}},"18":{"start":{"line":67,"column":4},"end":{"line":70,"column":5}},"19":{"start":{"line":68,"column":6},"end":{"line":68,"column":44}},"20":{"start":{"line":69,"column":6},"end":{"line":69,"column":37}},"21":{"start":{"line":72,"column":4},"end":{"line":75,"column":5}},"22":{"start":{"line":73,"column":6},"end":{"line":73,"column":44}},"23":{"start":{"line":74,"column":6},"end":{"line":74,"column":35}},"24":{"start":{"line":77,"column":4},"end":{"line":77,"column":72}},"25":{"start":{"line":79,"column":4},"end":{"line":79,"column":43}},"26":{"start":{"line":83,"column":4},"end":{"line":87,"column":25}},"27":{"start":{"line":91,"column":4},"end":{"line":94,"column":6}},"28":{"start":{"line":98,"column":20},"end":{"line":98,"column":22}},"29":{"start":{"line":99,"column":19},"end":{"line":99,"column":21}},"30":{"start":{"line":101,"column":4},"end":{"line":104,"column":5}},"31":{"start":{"line":102,"column":6},"end":{"line":102,"column":43}},"32":{"start":{"line":103,"column":6},"end":{"line":103,"column":36}},"33":{"start":{"line":105,"column":4},"end":{"line":108,"column":5}},"34":{"start":{"line":106,"column":6},"end":{"line":106,"column":43}},"35":{"start":{"line":107,"column":6},"end":{"line":107,"column":36}},"36":{"start":{"line":109,"column":4},"end":{"line":112,"column":5}},"37":{"start":{"line":110,"column":6},"end":{"line":110,"column":35}},"38":{"start":{"line":111,"column":6},"end":{"line":111,"column":28}},"39":{"start":{"line":113,"column":4},"end":{"line":116,"column":5}},"40":{"start":{"line":114,"column":6},"end":{"line":114,"column":32}},"41":{"start":{"line":115,"column":6},"end":{"line":115,"column":25}},"42":{"start":{"line":117,"column":4},"end":{"line":120,"column":5}},"43":{"start":{"line":118,"column":6},"end":{"line":118,"column":33}},"44":{"start":{"line":119,"column":6},"end":{"line":119,"column":26}},"45":{"start":{"line":122,"column":4},"end":{"line":122,"column":51}},"46":{"start":{"line":123,"column":4},"end":{"line":123,"column":20}},"47":{"start":{"line":125,"column":16},"end":{"line":125,"column":76}},"48":{"start":{"line":126,"column":4},"end":{"line":126,"column":43}},"49":{"start":{"line":130,"column":4},"end":{"line":130,"column":77}},"50":{"start":{"line":134,"column":4},"end":{"line":144,"column":22}},"51":{"start":{"line":148,"column":14},"end":{"line":158,"column":5}},"52":{"start":{"line":160,"column":19},"end":{"line":160,"column":123}},"53":{"start":{"line":162,"column":4},"end":{"line":165,"column":5}},"54":{"start":{"line":163,"column":6},"end":{"line":163,"column":28}},"55":{"start":{"line":164,"column":6},"end":{"line":164,"column":42}},"56":{"start":{"line":167,"column":19},"end":{"line":167,"column":50}},"57":{"start":{"line":168,"column":4},"end":{"line":168,"column":30}},"58":{"start":{"line":172,"column":0},"end":{"line":172,"column":29}}},"fnMap":{"0":{"name":"(anonymous_0)","decl":{"start":{"line":4,"column":2},"end":{"line":4,"column":3}},"loc":{"start":{"line":4,"column":114},"end":{"line":12,"column":3}},"line":4},"1":{"name":"(anonymous_1)","decl":{"start":{"line":14,"column":2},"end":{"line":14,"column":3}},"loc":{"start":{"line":14,"column":28},"end":{"line":28,"column":3}},"line":14},"2":{"name":"(anonymous_2)","decl":{"start":{"line":30,"column":2},"end":{"line":30,"column":3}},"loc":{"start":{"line":30,"column":37},"end":{"line":80,"column":3}},"line":30},"3":{"name":"(anonymous_3)","decl":{"start":{"line":82,"column":2},"end":{"line":82,"column":3}},"loc":{"start":{"line":82,"column":50},"end":{"line":88,"column":3}},"line":82},"4":{"name":"(anonymous_4)","decl":{"start":{"line":90,"column":2},"end":{"line":90,"column":3}},"loc":{"start":{"line":90,"column":40},"end":{"line":95,"column":3}},"line":90},"5":{"name":"(anonymous_5)","decl":{"start":{"line":97,"column":2},"end":{"line":97,"column":3}},"loc":{"start":{"line":97,"column":91},"end":{"line":127,"column":3}},"line":97},"6":{"name":"(anonymous_6)","decl":{"start":{"line":129,"column":2},"end":{"line":129,"column":3}},"loc":{"start":{"line":129,"column":26},"end":{"line":131,"column":3}},"line":129},"7":{"name":"(anonymous_7)","decl":{"start":{"line":133,"column":2},"end":{"line":133,"column":3}},"loc":{"start":{"line":133,"column":40},"end":{"line":145,"column":3}},"line":133},"8":{"name":"(anonymous_8)","decl":{"start":{"line":147,"column":2},"end":{"line":147,"column":3}},"loc":{"start":{"line":147,"column":120},"end":{"line":169,"column":3}},"line":147}},"branchMap":{"0":{"loc":{"start":{"line":30,"column":23},"end":{"line":30,"column":35}},"type":"default-arg","locations":[{"start":{"line":30,"column":33},"end":{"line":30,"column":35}}],"line":30},"1":{"loc":{"start":{"line":47,"column":4},"end":{"line":50,"column":5}},"type":"if","locations":[{"start":{"line":47,"column":4},"end":{"line":50,"column":5}},{"start":{},"end":{}}],"line":47},"2":{"loc":{"start":{"line":52,"column":4},"end":{"line":55,"column":5}},"type":"if","locations":[{"start":{"line":52,"column":4},"end":{"line":55,"column":5}},{"start":{},"end":{}}],"line":52},"3":{"loc":{"start":{"line":57,"column":4},"end":{"line":60,"column":5}},"type":"if","locations":[{"start":{"line":57,"column":4},"end":{"line":60,"column":5}},{"start":{},"end":{}}],"line":57},"4":{"loc":{"start":{"line":62,"column":4},"end":{"line":65,"column":5}},"type":"if","locations":[{"start":{"line":62,"column":4},"end":{"line":65,"column":5}},{"start":{},"end":{}}],"line":62},"5":{"loc":{"start":{"line":67,"column":4},"end":{"line":70,"column":5}},"type":"if","locations":[{"start":{"line":67,"column":4},"end":{"line":70,"column":5}},{"start":{},"end":{}}],"line":67},"6":{"loc":{"start":{"line":72,"column":4},"end":{"line":75,"column":5}},"type":"if","locations":[{"start":{"line":72,"column":4},"end":{"line":75,"column":5}},{"start":{},"end":{}}],"line":72},"7":{"loc":{"start":{"line":101,"column":4},"end":{"line":104,"column":5}},"type":"if","locations":[{"start":{"line":101,"column":4},"end":{"line":104,"column":5}},{"start":{},"end":{}}],"line":101},"8":{"loc":{"start":{"line":105,"column":4},"end":{"line":108,"column":5}},"type":"if","locations":[{"start":{"line":105,"column":4},"end":{"line":108,"column":5}},{"start":{},"end":{}}],"line":105},"9":{"loc":{"start":{"line":109,"column":4},"end":{"line":112,"column":5}},"type":"if","locations":[{"start":{"line":109,"column":4},"end":{"line":112,"column":5}},{"start":{},"end":{}}],"line":109},"10":{"loc":{"start":{"line":113,"column":4},"end":{"line":116,"column":5}},"type":"if","locations":[{"start":{"line":113,"column":4},"end":{"line":116,"column":5}},{"start":{},"end":{}}],"line":113},"11":{"loc":{"start":{"line":117,"column":4},"end":{"line":120,"column":5}},"type":"if","locations":[{"start":{"line":117,"column":4},"end":{"line":120,"column":5}},{"start":{},"end":{}}],"line":117},"12":{"loc":{"start":{"line":147,"column":89},"end":{"line":147,"column":118}},"type":"default-arg","locations":[{"start":{"line":147,"column":114},"end":{"line":147,"column":118}}],"line":147},"13":{"loc":{"start":{"line":162,"column":4},"end":{"line":165,"column":5}},"type":"if","locations":[{"start":{"line":162,"column":4},"end":{"line":165,"column":5}},{"start":{},"end":{}}],"line":162}},"s":{"0":2,"1":0,"2":0,"3":0,"4":0,"5":0,"6":0,"7":0,"8":0,"9":0,"10":0,"11":0,"12":0,"13":0,"14":0,"15":0,"16":0,"17":0,"18":0,"19":0,"20":0,"21":0,"22":0,"23":0,"24":0,"25":0,"26":0,"27":0,"28":0,"29":0,"30":0,"31":0,"32":0,"33":0,"34":0,"35":0,"36":0,"37":0,"38":0,"39":0,"40":0,"41":0,"42":0,"43":0,"44":0,"45":0,"46":0,"47":0,"48":0,"49":0,"50":0,"51":0,"52":0,"53":0,"54":0,"55":0,"56":0,"57":0,"58":2},"f":{"0":0,"1":0,"2":0,"3":0,"4":0,"5":0,"6":0,"7":0,"8":0},"b":{"0":[0],"1":[0,0],"2":[0,0],"3":[0,0],"4":[0,0],"5":[0,0],"6":[0,0],"7":[0,0],"8":[0,0],"9":[0,0],"10":[0,0],"11":[0,0],"12":[0],"13":[0,0]},"_coverageSchema":"1a1c01bbd47fc00a2c39e90264f33305004495a9","hash":"6e94f4ca4bdfb439efd80884031454af860b3f6d"}
,"/Users/paullakandri/Desktop/Projects/beautysalonbookingsystem/radiance-salon-manager/backend/src/models/Customer.js": {"path":"/Users/paullakandri/Desktop/Projects/beautysalonbookingsystem/radiance-salon-manager/backend/src/models/Customer.js","statementMap":{"0":{"start":{"line":1,"column":17},"end":{"line":1,"column":46}},"1":{"start":{"line":5,"column":19},"end":{"line":9,"column":5}},"2":{"start":{"line":11,"column":4},"end":{"line":11,"column":21}},"3":{"start":{"line":15,"column":4},"end":{"line":20,"column":13}},"4":{"start":{"line":24,"column":4},"end":{"line":29,"column":18}},"5":{"start":{"line":33,"column":4},"end":{"line":38,"column":7}},"6":{"start":{"line":42,"column":20},"end":{"line":42,"column":22}},"7":{"start":{"line":43,"column":19},"end":{"line":43,"column":21}},"8":{"start":{"line":45,"column":4},"end":{"line":48,"column":5}},"9":{"start":{"line":46,"column":6},"end":{"line":46,"column":40}},"10":{"start":{"line":47,"column":6},"end":{"line":47,"column":33}},"11":{"start":{"line":49,"column":4},"end":{"line":52,"column":5}},"12":{"start":{"line":50,"column":6},"end":{"line":50,"column":34}},"13":{"start":{"line":51,"column":6},"end":{"line":51,"column":27}},"14":{"start":{"line":53,"column":4},"end":{"line":56,"column":5}},"15":{"start":{"line":54,"column":6},"end":{"line":54,"column":38}},"16":{"start":{"line":55,"column":6},"end":{"line":55,"column":31}},"17":{"start":{"line":58,"column":4},"end":{"line":58,"column":51}},"18":{"start":{"line":59,"column":4},"end":{"line":59,"column":20}},"19":{"start":{"line":61,"column":16},"end":{"line":61,"column":73}},"20":{"start":{"line":62,"column":4},"end":{"line":62,"column":43}},"21":{"start":{"line":66,"column":4},"end":{"line":66,"column":74}},"22":{"start":{"line":70,"column":4},"end":{"line":80,"column":13}},"23":{"start":{"line":84,"column":0},"end":{"line":84,"column":26}}},"fnMap":{"0":{"name":"(anonymous_0)","decl":{"start":{"line":4,"column":2},"end":{"line":4,"column":3}},"loc":{"start":{"line":4,"column":72},"end":{"line":12,"column":3}},"line":4},"1":{"name":"(anonymous_1)","decl":{"start":{"line":14,"column":2},"end":{"line":14,"column":3}},"loc":{"start":{"line":14,"column":28},"end":{"line":21,"column":3}},"line":14},"2":{"name":"(anonymous_2)","decl":{"start":{"line":23,"column":2},"end":{"line":23,"column":3}},"loc":{"start":{"line":23,"column":37},"end":{"line":30,"column":3}},"line":23},"3":{"name":"(anonymous_3)","decl":{"start":{"line":32,"column":2},"end":{"line":32,"column":3}},"loc":{"start":{"line":32,"column":25},"end":{"line":39,"column":3}},"line":32},"4":{"name":"(anonymous_4)","decl":{"start":{"line":41,"column":2},"end":{"line":41,"column":3}},"loc":{"start":{"line":41,"column":67},"end":{"line":63,"column":3}},"line":41},"5":{"name":"(anonymous_5)","decl":{"start":{"line":65,"column":2},"end":{"line":65,"column":3}},"loc":{"start":{"line":65,"column":26},"end":{"line":67,"column":3}},"line":65},"6":{"name":"(anonymous_6)","decl":{"start":{"line":69,"column":2},"end":{"line":69,"column":3}},"loc":{"start":{"line":69,"column":41},"end":{"line":81,"column":3}},"line":69}},"branchMap":{"0":{"loc":{"start":{"line":45,"column":4},"end":{"line":48,"column":5}},"type":"if","locations":[{"start":{"line":45,"column":4},"end":{"line":48,"column":5}},{"start":{},"end":{}}],"line":45},"1":{"loc":{"start":{"line":49,"column":4},"end":{"line":52,"column":5}},"type":"if","locations":[{"start":{"line":49,"column":4},"end":{"line":52,"column":5}},{"start":{},"end":{}}],"line":49},"2":{"loc":{"start":{"line":53,"column":4},"end":{"line":56,"column":5}},"type":"if","locations":[{"start":{"line":53,"column":4},"end":{"line":56,"column":5}},{"start":{},"end":{}}],"line":53}},"s":{"0":2,"1":2,"2":2,"3":0,"4":0,"5":0,"6":0,"7":0,"8":0,"9":0,"10":0,"11":0,"12":0,"13":0,"14":0,"15":0,"16":0,"17":0,"18":0,"19":0,"20":0,"21":0,"22":0,"23":2},"f":{"0":2,"1":0,"2":0,"3":0,"4":0,"5":0,"6":0},"b":{"0":[0,0],"1":[0,0],"2":[0,0]},"_coverageSchema":"1a1c01bbd47fc00a2c39e90264f33305004495a9","hash":"a75f98ef43f3b67466cb7217907197452ed0a21f"}
,"/Users/paullakandri/Desktop/Projects/beautysalonbookingsystem/radiance-salon-manager/backend/src/models/Service.js": {"path":"/Users/paullakandri/Desktop/Projects/beautysalonbookingsystem/radiance-salon-manager/backend/src/models/Service.js","statementMap":{"0":{"start":{"line":1,"column":17},"end":{"line":1,"column":46}},"1":{"start":{"line":5,"column":19},"end":{"line":9,"column":5}},"2":{"start":{"line":11,"column":4},"end":{"line":11,"column":21}},"3":{"start":{"line":15,"column":4},"end":{"line":15,"column":75}},"4":{"start":{"line":19,"column":4},"end":{"line":21,"column":5}},"5":{"start":{"line":20,"column":6},"end":{"line":20,"column":110}},"6":{"start":{"line":22,"column":4},"end":{"line":22,"column":88}},"7":{"start":{"line":26,"column":4},"end":{"line":26,"column":105}},"8":{"start":{"line":30,"column":20},"end":{"line":30,"column":22}},"9":{"start":{"line":31,"column":19},"end":{"line":31,"column":21}},"10":{"start":{"line":33,"column":4},"end":{"line":36,"column":5}},"11":{"start":{"line":34,"column":6},"end":{"line":34,"column":39}},"12":{"start":{"line":35,"column":6},"end":{"line":35,"column":32}},"13":{"start":{"line":37,"column":4},"end":{"line":40,"column":5}},"14":{"start":{"line":38,"column":6},"end":{"line":38,"column":38}},"15":{"start":{"line":39,"column":6},"end":{"line":39,"column":31}},"16":{"start":{"line":41,"column":4},"end":{"line":44,"column":5}},"17":{"start":{"line":42,"column":6},"end":{"line":42,"column":43}},"18":{"start":{"line":43,"column":6},"end":{"line":43,"column":36}},"19":{"start":{"line":45,"column":4},"end":{"line":48,"column":5}},"20":{"start":{"line":46,"column":6},"end":{"line":46,"column":32}},"21":{"start":{"line":47,"column":6},"end":{"line":47,"column":25}},"22":{"start":{"line":49,"column":4},"end":{"line":52,"column":5}},"23":{"start":{"line":50,"column":6},"end":{"line":50,"column":35}},"24":{"start":{"line":51,"column":6},"end":{"line":51,"column":28}},"25":{"start":{"line":53,"column":4},"end":{"line":56,"column":5}},"26":{"start":{"line":54,"column":6},"end":{"line":54,"column":36}},"27":{"start":{"line":55,"column":6},"end":{"line":55,"column":29}},"28":{"start":{"line":58,"column":4},"end":{"line":58,"column":51}},"29":{"start":{"line":59,"column":4},"end":{"line":59,"column":20}},"30":{"start":{"line":61,"column":16},"end":{"line":61,"column":72}},"31":{"start":{"line":62,"column":4},"end":{"line":62,"column":43}},"32":{"start":{"line":66,"column":4},"end":{"line":66,"column":73}},"33":{"start":{"line":70,"column":19},"end":{"line":70,"column":117}},"34":{"start":{"line":71,"column":4},"end":{"line":71,"column":43}},"35":{"start":{"line":71,"column":29},"end":{"line":71,"column":41}},"36":{"start":{"line":75,"column":0},"end":{"line":75,"column":25}}},"fnMap":{"0":{"name":"(anonymous_0)","decl":{"start":{"line":4,"column":2},"end":{"line":4,"column":3}},"loc":{"start":{"line":4,"column":88},"end":{"line":12,"column":3}},"line":4},"1":{"name":"(anonymous_1)","decl":{"start":{"line":14,"column":2},"end":{"line":14,"column":3}},"loc":{"start":{"line":14,"column":28},"end":{"line":16,"column":3}},"line":14},"2":{"name":"(anonymous_2)","decl":{"start":{"line":18,"column":2},"end":{"line":18,"column":3}},"loc":{"start":{"line":18,"column":42},"end":{"line":23,"column":3}},"line":18},"3":{"name":"(anonymous_3)","decl":{"start":{"line":25,"column":2},"end":{"line":25,"column":3}},"loc":{"start":{"line":25,"column":40},"end":{"line":27,"column":3}},"line":25},"4":{"name":"(anonymous_4)","decl":{"start":{"line":29,"column":2},"end":{"line":29,"column":3}},"loc":{"start":{"line":29,"column":103},"end":{"line":63,"column":3}},"line":29},"5":{"name":"(anonymous_5)","decl":{"start":{"line":65,"column":2},"end":{"line":65,"column":3}},"loc":{"start":{"line":65,"column":26},"end":{"line":67,"column":3}},"line":65},"6":{"name":"(anonymous_6)","decl":{"start":{"line":69,"column":2},"end":{"line":69,"column":3}},"loc":{"start":{"line":69,"column":31},"end":{"line":72,"column":3}},"line":69},"7":{"name":"(anonymous_7)","decl":{"start":{"line":71,"column":22},"end":{"line":71,"column":23}},"loc":{"start":{"line":71,"column":29},"end":{"line":71,"column":41}},"line":71}},"branchMap":{"0":{"loc":{"start":{"line":18,"column":23},"end":{"line":18,"column":40}},"type":"default-arg","locations":[{"start":{"line":18,"column":36},"end":{"line":18,"column":40}}],"line":18},"1":{"loc":{"start":{"line":19,"column":4},"end":{"line":21,"column":5}},"type":"if","locations":[{"start":{"line":19,"column":4},"end":{"line":21,"column":5}},{"start":{},"end":{}}],"line":19},"2":{"loc":{"start":{"line":33,"column":4},"end":{"line":36,"column":5}},"type":"if","locations":[{"start":{"line":33,"column":4},"end":{"line":36,"column":5}},{"start":{},"end":{}}],"line":33},"3":{"loc":{"start":{"line":37,"column":4},"end":{"line":40,"column":5}},"type":"if","locations":[{"start":{"line":37,"column":4},"end":{"line":40,"column":5}},{"start":{},"end":{}}],"line":37},"4":{"loc":{"start":{"line":41,"column":4},"end":{"line":44,"column":5}},"type":"if","locations":[{"start":{"line":41,"column":4},"end":{"line":44,"column":5}},{"start":{},"end":{}}],"line":41},"5":{"loc":{"start":{"line":45,"column":4},"end":{"line":48,"column":5}},"type":"if","locations":[{"start":{"line":45,"column":4},"end":{"line":48,"column":5}},{"start":{},"end":{}}],"line":45},"6":{"loc":{"start":{"line":49,"column":4},"end":{"line":52,"column":5}},"type":"if","locations":[{"start":{"line":49,"column":4},"end":{"line":52,"column":5}},{"start":{},"end":{}}],"line":49},"7":{"loc":{"start":{"line":53,"column":4},"end":{"line":56,"column":5}},"type":"if","locations":[{"start":{"line":53,"column":4},"end":{"line":56,"column":5}},{"start":{},"end":{}}],"line":53}},"s":{"0":2,"1":0,"2":0,"3":2,"4":1,"5":1,"6":0,"7":0,"8":0,"9":0,"10":0,"11":0,"12":0,"13":0,"14":0,"15":0,"16":0,"17":0,"18":0,"19":0,"20":0,"21":0,"22":0,"23":0,"24":0,"25":0,"26":0,"27":0,"28":0,"29":0,"30":0,"31":0,"32":0,"33":1,"34":1,"35":5,"36":2},"f":{"0":0,"1":2,"2":1,"3":0,"4":0,"5":0,"6":1,"7":5},"b":{"0":[0],"1":[1,0],"2":[0,0],"3":[0,0],"4":[0,0],"5":[0,0],"6":[0,0],"7":[0,0]},"_coverageSchema":"1a1c01bbd47fc00a2c39e90264f33305004495a9","hash":"ba7da890144806ea55e66b4797b78af9f7ab666d"}
,"/Users/paullakandri/Desktop/Projects/beautysalonbookingsystem/radiance-salon-manager/backend/src/models/Staff.js": {"path":"/Users/paullakandri/Desktop/Projects/beautysalonbookingsystem/radiance-salon-manager/backend/src/models/Staff.js","statementMap":{"0":{"start":{"line":1,"column":17},"end":{"line":1,"column":46}},"1":{"start":{"line":5,"column":19},"end":{"line":9,"column":5}},"2":{"start":{"line":11,"column":4},"end":{"line":11,"column":21}},"3":{"start":{"line":15,"column":4},"end":{"line":20,"column":13}},"4":{"start":{"line":24,"column":4},"end":{"line":29,"column":18}},"5":{"start":{"line":33,"column":14},"end":{"line":37,"column":5}},"6":{"start":{"line":39,"column":4},"end":{"line":41,"column":5}},"7":{"start":{"line":40,"column":6},"end":{"line":40,"column":61}},"8":{"start":{"line":43,"column":4},"end":{"line":43,"column":35}},"9":{"start":{"line":45,"column":4},"end":{"line":45,"column":35}},"10":{"start":{"line":49,"column":20},"end":{"line":49,"column":22}},"11":{"start":{"line":50,"column":19},"end":{"line":50,"column":21}},"12":{"start":{"line":52,"column":4},"end":{"line":55,"column":5}},"13":{"start":{"line":53,"column":6},"end":{"line":53,"column":41}},"14":{"start":{"line":54,"column":6},"end":{"line":54,"column":34}},"15":{"start":{"line":56,"column":4},"end":{"line":59,"column":5}},"16":{"start":{"line":57,"column":6},"end":{"line":57,"column":43}},"17":{"start":{"line":58,"column":6},"end":{"line":58,"column":36}},"18":{"start":{"line":60,"column":4},"end":{"line":63,"column":5}},"19":{"start":{"line":61,"column":6},"end":{"line":61,"column":30}},"20":{"start":{"line":62,"column":6},"end":{"line":62,"column":23}},"21":{"start":{"line":64,"column":4},"end":{"line":67,"column":5}},"22":{"start":{"line":65,"column":6},"end":{"line":65,"column":39}},"23":{"start":{"line":66,"column":6},"end":{"line":66,"column":32}},"24":{"start":{"line":69,"column":4},"end":{"line":69,"column":51}},"25":{"start":{"line":70,"column":4},"end":{"line":70,"column":20}},"26":{"start":{"line":72,"column":16},"end":{"line":72,"column":69}},"27":{"start":{"line":73,"column":4},"end":{"line":73,"column":43}},"28":{"start":{"line":77,"column":4},"end":{"line":77,"column":70}},"29":{"start":{"line":81,"column":4},"end":{"line":84,"column":6}},"30":{"start":{"line":88,"column":4},"end":{"line":91,"column":6}},"31":{"start":{"line":95,"column":4},"end":{"line":99,"column":19}},"32":{"start":{"line":103,"column":4},"end":{"line":109,"column":21}},"33":{"start":{"line":113,"column":0},"end":{"line":113,"column":23}}},"fnMap":{"0":{"name":"(anonymous_0)","decl":{"start":{"line":4,"column":2},"end":{"line":4,"column":3}},"loc":{"start":{"line":4,"column":74},"end":{"line":12,"column":3}},"line":4},"1":{"name":"(anonymous_1)","decl":{"start":{"line":14,"column":2},"end":{"line":14,"column":3}},"loc":{"start":{"line":14,"column":28},"end":{"line":21,"column":3}},"line":14},"2":{"name":"(anonymous_2)","decl":{"start":{"line":23,"column":2},"end":{"line":23,"column":3}},"loc":{"start":{"line":23,"column":37},"end":{"line":30,"column":3}},"line":23},"3":{"name":"(anonymous_3)","decl":{"start":{"line":32,"column":2},"end":{"line":32,"column":3}},"loc":{"start":{"line":32,"column":46},"end":{"line":46,"column":3}},"line":32},"4":{"name":"(anonymous_4)","decl":{"start":{"line":48,"column":2},"end":{"line":48,"column":3}},"loc":{"start":{"line":48,"column":83},"end":{"line":74,"column":3}},"line":48},"5":{"name":"(anonymous_5)","decl":{"start":{"line":76,"column":2},"end":{"line":76,"column":3}},"loc":{"start":{"line":76,"column":26},"end":{"line":78,"column":3}},"line":76},"6":{"name":"(anonymous_6)","decl":{"start":{"line":80,"column":2},"end":{"line":80,"column":3}},"loc":{"start":{"line":80,"column":48},"end":{"line":85,"column":3}},"line":80},"7":{"name":"(anonymous_7)","decl":{"start":{"line":87,"column":2},"end":{"line":87,"column":3}},"loc":{"start":{"line":87,"column":51},"end":{"line":92,"column":3}},"line":87},"8":{"name":"(anonymous_8)","decl":{"start":{"line":94,"column":2},"end":{"line":94,"column":3}},"loc":{"start":{"line":94,"column":37},"end":{"line":100,"column":3}},"line":94},"9":{"name":"(anonymous_9)","decl":{"start":{"line":102,"column":2},"end":{"line":102,"column":3}},"loc":{"start":{"line":102,"column":41},"end":{"line":110,"column":3}},"line":102}},"branchMap":{"0":{"loc":{"start":{"line":32,"column":23},"end":{"line":32,"column":44}},"type":"default-arg","locations":[{"start":{"line":32,"column":39},"end":{"line":32,"column":44}}],"line":32},"1":{"loc":{"start":{"line":39,"column":4},"end":{"line":41,"column":5}},"type":"if","locations":[{"start":{"line":39,"column":4},"end":{"line":41,"column":5}},{"start":{},"end":{}}],"line":39},"2":{"loc":{"start":{"line":52,"column":4},"end":{"line":55,"column":5}},"type":"if","locations":[{"start":{"line":52,"column":4},"end":{"line":55,"column":5}},{"start":{},"end":{}}],"line":52},"3":{"loc":{"start":{"line":56,"column":4},"end":{"line":59,"column":5}},"type":"if","locations":[{"start":{"line":56,"column":4},"end":{"line":59,"column":5}},{"start":{},"end":{}}],"line":56},"4":{"loc":{"start":{"line":60,"column":4},"end":{"line":63,"column":5}},"type":"if","locations":[{"start":{"line":60,"column":4},"end":{"line":63,"column":5}},{"start":{},"end":{}}],"line":60},"5":{"loc":{"start":{"line":64,"column":4},"end":{"line":67,"column":5}},"type":"if","locations":[{"start":{"line":64,"column":4},"end":{"line":67,"column":5}},{"start":{},"end":{}}],"line":64}},"s":{"0":2,"1":0,"2":0,"3":0,"4":0,"5":0,"6":0,"7":0,"8":0,"9":0,"10":0,"11":0,"12":0,"13":0,"14":0,"15":0,"16":0,"17":0,"18":0,"19":0,"20":0,"21":0,"22":0,"23":0,"24":0,"25":0,"26":0,"27":0,"28":0,"29":0,"30":0,"31":0,"32":0,"33":2},"f":{"0":0,"1":0,"2":0,"3":0,"4":0,"5":0,"6":0,"7":0,"8":0,"9":0},"b":{"0":[0],"1":[0,0],"2":[0,0],"3":[0,0],"4":[0,0],"5":[0,0]},"_coverageSchema":"1a1c01bbd47fc00a2c39e90264f33305004495a9","hash":"d9e2217dd27bafe4bca64f67dc57569b0ae7e72d"}
,"/Users/paullakandri/Desktop/Projects/beautysalonbookingsystem/radiance-salon-manager/backend/src/models/User.js": {"path":"/Users/paullakandri/Desktop/Projects/beautysalonbookingsystem/radiance-salon-manager/backend/src/models/User.js","statementMap":{"0":{"start":{"line":1,"column":17},"end":{"line":1,"column":46}},"1":{"start":{"line":2,"column":15},"end":{"line":2,"column":34}},"2":{"start":{"line":6,"column":27},"end":{"line":6,"column":58}},"3":{"start":{"line":8,"column":19},"end":{"line":12,"column":5}},"4":{"start":{"line":14,"column":4},"end":{"line":14,"column":21}},"5":{"start":{"line":18,"column":4},"end":{"line":18,"column":78}},"6":{"start":{"line":22,"column":4},"end":{"line":22,"column":72}},"7":{"start":{"line":26,"column":4},"end":{"line":28,"column":5}},"8":{"start":{"line":27,"column":6},"end":{"line":27,"column":133}},"9":{"start":{"line":29,"column":4},"end":{"line":29,"column":108}},"10":{"start":{"line":33,"column":20},"end":{"line":33,"column":22}},"11":{"start":{"line":34,"column":19},"end":{"line":34,"column":21}},"12":{"start":{"line":36,"column":4},"end":{"line":39,"column":5}},"13":{"start":{"line":37,"column":6},"end":{"line":37,"column":36}},"14":{"start":{"line":38,"column":6},"end":{"line":38,"column":29}},"15":{"start":{"line":40,"column":4},"end":{"line":43,"column":5}},"16":{"start":{"line":41,"column":6},"end":{"line":41,"column":32}},"17":{"start":{"line":42,"column":6},"end":{"line":42,"column":25}},"18":{"start":{"line":44,"column":4},"end":{"line":47,"column":5}},"19":{"start":{"line":45,"column":6},"end":{"line":45,"column":32}},"20":{"start":{"line":46,"column":6},"end":{"line":46,"column":25}},"21":{"start":{"line":48,"column":4},"end":{"line":51,"column":5}},"22":{"start":{"line":49,"column":6},"end":{"line":49,"column":36}},"23":{"start":{"line":50,"column":6},"end":{"line":50,"column":29}},"24":{"start":{"line":53,"column":4},"end":{"line":53,"column":51}},"25":{"start":{"line":54,"column":4},"end":{"line":54,"column":20}},"26":{"start":{"line":56,"column":16},"end":{"line":56,"column":69}},"27":{"start":{"line":57,"column":4},"end":{"line":57,"column":43}},"28":{"start":{"line":61,"column":4},"end":{"line":61,"column":70}},"29":{"start":{"line":65,"column":4},"end":{"line":65,"column":63}},"30":{"start":{"line":69,"column":27},"end":{"line":69,"column":61}},"31":{"start":{"line":70,"column":4},"end":{"line":73,"column":6}},"32":{"start":{"line":77,"column":0},"end":{"line":77,"column":22}}},"fnMap":{"0":{"name":"(anonymous_0)","decl":{"start":{"line":5,"column":2},"end":{"line":5,"column":3}},"loc":{"start":{"line":5,"column":80},"end":{"line":15,"column":3}},"line":5},"1":{"name":"(anonymous_1)","decl":{"start":{"line":17,"column":2},"end":{"line":17,"column":3}},"loc":{"start":{"line":17,"column":34},"end":{"line":19,"column":3}},"line":17},"2":{"name":"(anonymous_2)","decl":{"start":{"line":21,"column":2},"end":{"line":21,"column":3}},"loc":{"start":{"line":21,"column":28},"end":{"line":23,"column":3}},"line":21},"3":{"name":"(anonymous_3)","decl":{"start":{"line":25,"column":2},"end":{"line":25,"column":3}},"loc":{"start":{"line":25,"column":36},"end":{"line":30,"column":3}},"line":25},"4":{"name":"(anonymous_4)","decl":{"start":{"line":32,"column":2},"end":{"line":32,"column":3}},"loc":{"start":{"line":32,"column":66},"end":{"line":58,"column":3}},"line":32},"5":{"name":"(anonymous_5)","decl":{"start":{"line":60,"column":2},"end":{"line":60,"column":3}},"loc":{"start":{"line":60,"column":26},"end":{"line":62,"column":3}},"line":60},"6":{"name":"(anonymous_6)","decl":{"start":{"line":64,"column":2},"end":{"line":64,"column":3}},"loc":{"start":{"line":64,"column":63},"end":{"line":66,"column":3}},"line":64},"7":{"name":"(anonymous_7)","decl":{"start":{"line":68,"column":2},"end":{"line":68,"column":3}},"loc":{"start":{"line":68,"column":51},"end":{"line":74,"column":3}},"line":68}},"branchMap":{"0":{"loc":{"start":{"line":5,"column":59},"end":{"line":5,"column":76}},"type":"default-arg","locations":[{"start":{"line":5,"column":66},"end":{"line":5,"column":76}}],"line":5},"1":{"loc":{"start":{"line":25,"column":23},"end":{"line":25,"column":34}},"type":"default-arg","locations":[{"start":{"line":25,"column":30},"end":{"line":25,"column":34}}],"line":25},"2":{"loc":{"start":{"line":26,"column":4},"end":{"line":28,"column":5}},"type":"if","locations":[{"start":{"line":26,"column":4},"end":{"line":28,"column":5}},{"start":{},"end":{}}],"line":26},"3":{"loc":{"start":{"line":36,"column":4},"end":{"line":39,"column":5}},"type":"if","locations":[{"start":{"line":36,"column":4},"end":{"line":39,"column":5}},{"start":{},"end":{}}],"line":36},"4":{"loc":{"start":{"line":40,"column":4},"end":{"line":43,"column":5}},"type":"if","locations":[{"start":{"line":40,"column":4},"end":{"line":43,"column":5}},{"start":{},"end":{}}],"line":40},"5":{"loc":{"start":{"line":44,"column":4},"end":{"line":47,"column":5}},"type":"if","locations":[{"start":{"line":44,"column":4},"end":{"line":47,"column":5}},{"start":{},"end":{}}],"line":44},"6":{"loc":{"start":{"line":48,"column":4},"end":{"line":51,"column":5}},"type":"if","locations":[{"start":{"line":48,"column":4},"end":{"line":51,"column":5}},{"start":{},"end":{}}],"line":48}},"s":{"0":2,"1":2,"2":2,"3":2,"4":2,"5":5,"6":2,"7":0,"8":0,"9":0,"10":0,"11":0,"12":0,"13":0,"14":0,"15":0,"16":0,"17":0,"18":0,"19":0,"20":0,"21":0,"22":0,"23":0,"24":0,"25":0,"26":0,"27":0,"28":0,"29":0,"30":0,"31":0,"32":2},"f":{"0":2,"1":5,"2":2,"3":0,"4":0,"5":0,"6":0,"7":0},"b":{"0":[0],"1":[0],"2":[0,0],"3":[0,0],"4":[0,0],"5":[0,0],"6":[0,0]},"_coverageSchema":"1a1c01bbd47fc00a2c39e90264f33305004495a9","hash":"a68cfe949d5e2b59e508ea48104fbd18703962db"}
,"/Users/paullakandri/Desktop/Projects/beautysalonbookingsystem/radiance-salon-manager/backend/src/routes/appointmentRoutes.js": {"path":"/Users/paullakandri/Desktop/Projects/beautysalonbookingsystem/radiance-salon-manager/backend/src/routes/appointmentRoutes.js","statementMap":{"0":{"start":{"line":1,"column":16},"end":{"line":1,"column":34}},"1":{"start":{"line":2,"column":17},"end":{"line":2,"column":45}},"2":{"start":{"line":3,"column":17},"end":{"line":3,"column":51}},"3":{"start":{"line":4,"column":31},"end":{"line":4,"column":60}},"4":{"start":{"line":12,"column":4},"end":{"line":12,"column":51}},"5":{"start":{"line":14,"column":15},"end":{"line":14,"column":31}},"6":{"start":{"line":16,"column":0},"end":{"line":16,"column":45}},"7":{"start":{"line":17,"column":0},"end":{"line":17,"column":81}},"8":{"start":{"line":18,"column":0},"end":{"line":18,"column":44}},"9":{"start":{"line":20,"column":0},"end":{"line":31,"column":2}},"10":{"start":{"line":33,"column":0},"end":{"line":33,"column":47}},"11":{"start":{"line":34,"column":0},"end":{"line":34,"column":70}},"12":{"start":{"line":36,"column":0},"end":{"line":36,"column":24}}},"fnMap":{},"branchMap":{},"s":{"0":2,"1":2,"2":2,"3":2,"4":2,"5":2,"6":2,"7":2,"8":2,"9":2,"10":2,"11":2,"12":2},"f":{},"b":{},"_coverageSchema":"1a1c01bbd47fc00a2c39e90264f33305004495a9","hash":"f4e2e4dd27c89bfcc5eff97f5e6918cd528f09b8"}
,"/Users/paullakandri/Desktop/Projects/beautysalonbookingsystem/radiance-salon-manager/backend/src/routes/authRoutes.js": {"path":"/Users/paullakandri/Desktop/Projects/beautysalonbookingsystem/radiance-salon-manager/backend/src/routes/authRoutes.js","statementMap":{"0":{"start":{"line":1,"column":16},"end":{"line":1,"column":34}},"1":{"start":{"line":2,"column":17},"end":{"line":2,"column":45}},"2":{"start":{"line":3,"column":17},"end":{"line":3,"column":51}},"3":{"start":{"line":4,"column":20},"end":{"line":4,"column":49}},"4":{"start":{"line":11,"column":4},"end":{"line":11,"column":44}},"5":{"start":{"line":13,"column":15},"end":{"line":13,"column":31}},"6":{"start":{"line":15,"column":0},"end":{"line":27,"column":2}},"7":{"start":{"line":29,"column":0},"end":{"line":37,"column":2}},"8":{"start":{"line":39,"column":0},"end":{"line":39,"column":44}},"9":{"start":{"line":40,"column":0},"end":{"line":40,"column":47}},"10":{"start":{"line":41,"column":0},"end":{"line":41,"column":56}},"11":{"start":{"line":43,"column":0},"end":{"line":43,"column":24}}},"fnMap":{},"branchMap":{},"s":{"0":2,"1":2,"2":2,"3":2,"4":2,"5":2,"6":2,"7":2,"8":2,"9":2,"10":2,"11":2},"f":{},"b":{},"_coverageSchema":"1a1c01bbd47fc00a2c39e90264f33305004495a9","hash":"b47c7085ce6ccd958381f68a4955de6ceda7abb2"}
,"/Users/paullakandri/Desktop/Projects/beautysalonbookingsystem/radiance-salon-manager/backend/src/routes/serviceRoutes.js": {"path":"/Users/paullakandri/Desktop/Projects/beautysalonbookingsystem/radiance-salon-manager/backend/src/routes/serviceRoutes.js","statementMap":{"0":{"start":{"line":1,"column":16},"end":{"line":1,"column":34}},"1":{"start":{"line":2,"column":17},"end":{"line":2,"column":45}},"2":{"start":{"line":3,"column":17},"end":{"line":3,"column":51}},"3":{"start":{"line":4,"column":31},"end":{"line":4,"column":60}},"4":{"start":{"line":12,"column":4},"end":{"line":12,"column":47}},"5":{"start":{"line":14,"column":15},"end":{"line":14,"column":31}},"6":{"start":{"line":16,"column":0},"end":{"line":16,"column":32}},"7":{"start":{"line":17,"column":0},"end":{"line":17,"column":41}},"8":{"start":{"line":18,"column":0},"end":{"line":18,"column":31}},"9":{"start":{"line":20,"column":0},"end":{"line":35,"column":2}},"10":{"start":{"line":37,"column":0},"end":{"line":37,"column":63}},"11":{"start":{"line":38,"column":0},"end":{"line":38,"column":66}},"12":{"start":{"line":40,"column":0},"end":{"line":40,"column":24}}},"fnMap":{},"branchMap":{},"s":{"0":2,"1":2,"2":2,"3":2,"4":2,"5":2,"6":2,"7":2,"8":2,"9":2,"10":2,"11":2,"12":2},"f":{},"b":{},"_coverageSchema":"1a1c01bbd47fc00a2c39e90264f33305004495a9","hash":"9e040f7dcdb0182c8cfb56b259fb7af03ca45d64"}
,"/Users/paullakandri/Desktop/Projects/beautysalonbookingsystem/radiance-salon-manager/backend/src/routes/staffRoutes.js": {"path":"/Users/paullakandri/Desktop/Projects/beautysalonbookingsystem/radiance-salon-manager/backend/src/routes/staffRoutes.js","statementMap":{"0":{"start":{"line":1,"column":16},"end":{"line":1,"column":34}},"1":{"start":{"line":2,"column":17},"end":{"line":2,"column":45}},"2":{"start":{"line":3,"column":17},"end":{"line":3,"column":51}},"3":{"start":{"line":4,"column":31},"end":{"line":4,"column":60}},"4":{"start":{"line":15,"column":4},"end":{"line":15,"column":45}},"5":{"start":{"line":17,"column":15},"end":{"line":17,"column":31}},"6":{"start":{"line":19,"column":0},"end":{"line":19,"column":29}},"7":{"start":{"line":20,"column":0},"end":{"line":20,"column":54}},"8":{"start":{"line":21,"column":0},"end":{"line":21,"column":29}},"9":{"start":{"line":22,"column":0},"end":{"line":22,"column":46}},"10":{"start":{"line":24,"column":0},"end":{"line":38,"column":2}},"11":{"start":{"line":40,"column":0},"end":{"line":40,"column":61}},"12":{"start":{"line":41,"column":0},"end":{"line":41,"column":64}},"13":{"start":{"line":42,"column":0},"end":{"line":42,"column":75}},"14":{"start":{"line":43,"column":0},"end":{"line":43,"column":92}},"15":{"start":{"line":45,"column":0},"end":{"line":45,"column":24}}},"fnMap":{},"branchMap":{},"s":{"0":2,"1":2,"2":2,"3":2,"4":2,"5":2,"6":2,"7":2,"8":2,"9":2,"10":2,"11":2,"12":2,"13":2,"14":2,"15":2},"f":{},"b":{},"_coverageSchema":"1a1c01bbd47fc00a2c39e90264f33305004495a9","hash":"ec0782f3c38d6376fc87ba0650ba711a69b99002"}
,"/Users/paullakandri/Desktop/Projects/beautysalonbookingsystem/radiance-salon-manager/backend/src/utils/generateToken.js": {"path":"/Users/paullakandri/Desktop/Projects/beautysalonbookingsystem/radiance-salon-manager/backend/src/utils/generateToken.js","statementMap":{"0":{"start":{"line":1,"column":12},"end":{"line":1,"column":35}},"1":{"start":{"line":3,"column":22},"end":{"line":7,"column":1}},"2":{"start":{"line":4,"column":2},"end":{"line":6,"column":5}},"3":{"start":{"line":9,"column":0},"end":{"line":9,"column":31}}},"fnMap":{"0":{"name":"(anonymous_0)","decl":{"start":{"line":3,"column":22},"end":{"line":3,"column":23}},"loc":{"start":{"line":3,"column":30},"end":{"line":7,"column":1}},"line":3}},"branchMap":{"0":{"loc":{"start":{"line":5,"column":15},"end":{"line":5,"column":45}},"type":"binary-expr","locations":[{"start":{"line":5,"column":15},"end":{"line":5,"column":37}},{"start":{"line":5,"column":41},"end":{"line":5,"column":45}}],"line":5}},"s":{"0":2,"1":2,"2":2,"3":2},"f":{"0":2},"b":{"0":[2,0]},"_coverageSchema":"1a1c01bbd47fc00a2c39e90264f33305004495a9","hash":"fa8210826c1fdf163243000403457e055314227c"}
}
